#
# A fatal error has been detected by the Java Runtime Environment:
#
#  SIGSEGV (0xb) at pc=0x00007fff529f4e9d, pid=30908, tid=0x0000000000000307
#
# JRE version: Java(TM) SE Runtime Environment (8.0_151-b12) (build 1.8.0_151-b12)
# Java VM: Java HotSpot(TM) 64-Bit Server VM (25.151-b12 mixed mode bsd-amd64 compressed oops)
# Problematic frame:
# C  [libobjc.A.dylib+0x6e9d]  objc_msgSend+0x1d
#
# Failed to write core dump. Core dumps have been disabled. To enable core dumping, try "ulimit -c unlimited" before starting Java again
#
# If you would like to submit a bug report, please visit:
#   http://bugreport.java.com/bugreport/crash.jsp
# The crash happened outside the Java Virtual Machine in native code.
# See problematic frame for where to report the bug.
#

---------------  T H R E A D  ---------------

Current thread (0x00007fe76404a800):  JavaThread "JavaFX Application Thread" [_thread_in_native, id=775, stack(0x00007ffee09ba000,0x00007ffee11ba000)]

siginfo: si_signo: 11 (SIGSEGV), si_code: 1 (SEGV_MAPERR), si_addr: 0x000007fe766d0ed0

Registers:
RAX=0x00007fe760ce1ac0, RBX=0x00007fe761941060, RCX=0xdf691c20fe03009b, RDX=0x0000000000000000
RSP=0x00007ffee11b4388, RBP=0x00007ffee11b4440, RSI=0x00007fff2a3750a6, RDI=0x00007fe760ce1ac0
R8 =0x00007fe760ce1ac0, R9 =0x00007fe766d3eb10, R10=0x000007fe766d0eb8, R11=0x00007fff2a3750a6
R12=0x00007fff529f4e80, R13=0x00007fe766e472b0, R14=0x00007fe761945890, R15=0x00007fe760d20ea0
RIP=0x00007fff529f4e9d, EFLAGS=0x0000000000010206, ERR=0x0000000000000004
  TRAPNO=0x000000000000000e

Top of Stack: (sp=0x00007ffee11b4388)
0x00007ffee11b4388:   00007fff2b579730 00007fe760d20ea0
0x00007ffee11b4398:   0000000000000000 00007ffee11b43d0
0x00007ffee11b43a8:   00007fff503150bb 00007fe760d20ea0
0x00007ffee11b43b8:   00007fe760cc3570 0000000000000000
0x00007ffee11b43c8:   00007fff529f4e80 00007ffee11b4420
0x00007ffee11b43d8:   00007fff50358bb9 00007fe760cc3570
0x00007ffee11b43e8:   00007fe760d12620 df691c20fe03009b
0x00007ffee11b43f8:   00007fe760d20ea0 00007fe760cc3570
0x00007ffee11b4408:   00007fe760d12620 df691c20fe03009b
0x00007ffee11b4418:   00007fe768f62d60 00007fe760cc3570
0x00007ffee11b4428:   00007fe760d12620 00007fff529f4e80
0x00007ffee11b4438:   00007fff529f4e80 00007ffee11b4460
0x00007ffee11b4448:   00007fff5037a2ac 00007fe760d20ea0
0x00007ffee11b4458:   00007fe760d283e0 00007ffee11b44b0
0x00007ffee11b4468:   00007fff503798ff 00007fe760cc3580
0x00007ffee11b4478:   00007fff529f9ed6 df691c20fe03009b
0x00007ffee11b4488:   00007fe760d12620 00007fe760cc3570
0x00007ffee11b4498:   00007fe760d12620 0000000000000000
0x00007ffee11b44a8:   00007fff529f4e80 00007ffee11b44d0
0x00007ffee11b44b8:   00007fff503a7d5d 00007fff2a29e4bb
0x00007ffee11b44c8:   00007fe760f19320 00007ffee11b4570
0x00007ffee11b44d8:   00007fff50319e3f 000000010ea63080
0x00007ffee11b44e8:   00007fff2a29e795 00007fff2a29f0de
0x00007ffee11b44f8:   00007fff2a29e396 00007fff2a2a997b
0x00007ffee11b4508:   00007fff2a29e1e1 00007fff2a29e224
0x00007ffee11b4518:   00007fff2a29e2b2 00007fff2a29ecca
0x00007ffee11b4528:   00007fff2a29e4bb 00007fff2a29e4d1
0x00007ffee11b4538:   00007fff2a29eb71 00007fff2a2b0bbc
0x00007ffee11b4548:   00007fe760f15200 00007fe760c00300
0x00007ffee11b4558:   00007fff8c1d4ff0 00007fe761835160
0x00007ffee11b4568:   00007fe760c9e250 00007ffee11b4580
0x00007ffee11b4578:   00007fff2c01368c 00007ffee11b4600 

Instructions: (pc=0x00007fff529f4e9d)
0x00007fff529f4e7d:   0f 1f 00 48 85 ff 2e 74 62 40 f6 c7 01 2e 75 66
0x00007fff529f4e8d:   49 ba f8 ff ff ff ff 7f 00 00 4c 23 17 49 89 f3
0x00007fff529f4e9d:   45 23 5a 18 49 c1 e3 04 4d 03 5a 10 49 3b 33 75
0x00007fff529f4ead:   04 41 ff 63 08 49 83 3b 01 76 0d 49 83 c3 10 49 

Register to memory mapping:

RAX=0x00007fe760ce1ac0 is an unknown value
RBX=0x00007fe761941060 is an unknown value
RCX=0xdf691c20fe03009b is an unknown value
RDX=0x0000000000000000 is an unknown value
RSP=0x00007ffee11b4388 is pointing into the stack for thread: 0x00007fe76404a800
RBP=0x00007ffee11b4440 is pointing into the stack for thread: 0x00007fe76404a800
RSI=0x00007fff2a3750a6: .str.41.llvm.FE30BCA4+0x110f55 in /System/Library/Frameworks/AppKit.framework/Versions/C/AppKit at 0x00007fff295d0000
RDI=0x00007fe760ce1ac0 is an unknown value
R8 =0x00007fe760ce1ac0 is an unknown value
R9 =0x00007fe766d3eb10 is an unknown value
R10=0x000007fe766d0eb8 is an unknown value
R11=0x00007fff2a3750a6: .str.41.llvm.FE30BCA4+0x110f55 in /System/Library/Frameworks/AppKit.framework/Versions/C/AppKit at 0x00007fff295d0000
R12=0x00007fff529f4e80: objc_msgSend+0 in /usr/lib/libobjc.A.dylib at 0x00007fff529ee000
R13=0x00007fe766e472b0 is an unknown value
R14=0x00007fe761945890 is an unknown value
R15=0x00007fe760d20ea0 is an unknown value


Stack: [0x00007ffee09ba000,0x00007ffee11ba000],  sp=0x00007ffee11b4388,  free space=8168k
Native frames: (J=compiled Java code, j=interpreted, Vv=VM code, C=native code)
C  [libobjc.A.dylib+0x6e9d]  objc_msgSend+0x1d
C  [ViewBridge+0x692ac]  -[NSRemoteView _completeAdvanceToRunPhase:withError:]+0x12
C  [ViewBridge+0x688ff]  __38-[NSRemoteView _advanceToConfigPhase:]_block_invoke_2+0xec
C  [ViewBridge+0x96d5d]  __wrapBlockWithVoucher_block_invoke+0x25
C  [ViewBridge+0x8e3f]  __deferBlockOntoMainThread_block_invoke_2+0x205
C  [CoreFoundation+0xa368c]  __CFRUNLOOP_IS_CALLING_OUT_TO_A_BLOCK__+0xc
C  [CoreFoundation+0x860a3]  __CFRunLoopDoBlocks+0x113
C  [CoreFoundation+0x8572e]  __CFRunLoopRun+0x4fe
C  [CoreFoundation+0x84fa3]  CFRunLoopRunSpecific+0x1e3
C  [HIToolbox+0x265769]  -[IMKInputSessionXPCInvocation invocationAwaitXPCReply]+0x225
C  [HIToolbox+0x267c38]  -[IMKInputSession activate]+0xe18
C  [HIToolbox+0x21c610]  IMKInputSessionActivate+0x24
C  [HIToolbox+0x21b9b6]  ActivateInputMethodInstance+0x5d
C  [HIToolbox+0x20ed0d]  utActivateInputMethod+0x2d
C  [HIToolbox+0x20e9ec]  utOpenIM4Document+0xd8
C  [HIToolbox+0x20e72b]  utOpenActivateThisDocsInputMethod+0x91
C  [HIToolbox+0x41e6f]  MyActivateTSMDocument+0x63f
C  [AppKit+0x176173]  -[NSTextInputContext activate]+0x107
C  [AppKit+0xa56020]  +[NSTextInputContext currentInputContext_withFirstResponderSync:]+0x163
C  [AppKit+0x44084]  -[NSApplication updateWindows]+0x60
C  [AppKit+0x45c659]  __38-[NSApplication setWindowsNeedUpdate:]_block_invoke.2337+0x4c
C  [CoreFoundation+0xa3227]  __CFRUNLOOP_IS_CALLING_OUT_TO_AN_OBSERVER_CALLBACK_FUNCTION__+0x17
C  [CoreFoundation+0xa314f]  __CFRunLoopDoObservers+0x20f
C  [CoreFoundation+0x85708]  __CFRunLoopRun+0x4d8
C  [CoreFoundation+0x84fa3]  CFRunLoopRunSpecific+0x1e3
C  [HIToolbox+0x2f866]  RunCurrentEventLoopInMode+0x11e
C  [HIToolbox+0x2f4df]  ReceiveNextEventCommon+0x16e
C  [HIToolbox+0x2f354]  _BlockUntilNextEventMatchingListInModeWithFilter+0x40
C  [AppKit+0x41a23]  _DPSNextEvent+0x825
C  [AppKit+0x7d6e6c]  -[NSApplication(NSEvent) _nextEventMatchingEventMask:untilDate:inMode:dequeue:]+0xbe4
C  [AppKit+0x36831]  -[NSApplication run]+0x2fc
C  [libglass.dylib+0x64ac]  -[GlassApplication runLoop:]+0x72c
C  [Foundation+0x68985]  __NSThreadPerformPerform+0x14e
C  [CoreFoundation+0xa3821]  __CFRUNLOOP_IS_CALLING_OUT_TO_A_SOURCE0_PERFORM_FUNCTION__+0x11
C  [CoreFoundation+0x15d4cc]  __CFRunLoopDoSource0+0x6c
C  [CoreFoundation+0x862c0]  __CFRunLoopDoSources0+0xd0
C  [CoreFoundation+0x8573d]  __CFRunLoopRun+0x50d
C  [CoreFoundation+0x84fa3]  CFRunLoopRunSpecific+0x1e3
C  [java+0x6465]  CreateExecutionEnvironment+0x367
C  [java+0x218c]  JLI_Launch+0x7a0
C  [java+0x84c2]  main+0x65
C  [java+0x19e4]  start+0x34
C  0x0000000000000006


---------------  P R O C E S S  ---------------

Java Threads: ( => current thread )
  0x00007fe7640bb000 JavaThread "HSQLDB Timer @26f54cb6" daemon [_thread_blocked, id=66051, stack(0x0000700009f1b000,0x000070000a01b000)]
  0x00007fe763c72000 JavaThread "HSQLDB Server @17faa757" [_thread_in_native, id=65579, stack(0x0000700009e18000,0x0000700009f18000)]
  0x00007fe7621a2800 JavaThread "Prism Font Disposer" daemon [_thread_blocked, id=65523, stack(0x0000700009d15000,0x0000700009e15000)]
  0x00007fe76216c000 JavaThread "JavaFX-Launcher" [_thread_blocked, id=63491, stack(0x0000700009c12000,0x0000700009d12000)]
  0x00007fe7610de800 JavaThread "Thread-3" daemon [_thread_in_native, id=44035, stack(0x000070000987d000,0x00007000098fd000)]
=>0x00007fe76404a800 JavaThread "JavaFX Application Thread" [_thread_in_native, id=775, stack(0x00007ffee09ba000,0x00007ffee11ba000)]
  0x00007fe7610b3800 JavaThread "Thread-1" daemon [_thread_blocked, id=30979, stack(0x000070000977a000,0x000070000987a000)]
  0x00007fe765023800 JavaThread "QuantumRenderer-0" daemon [_thread_blocked, id=23555, stack(0x0000700009677000,0x0000700009777000)]
  0x00007fe761050000 JavaThread "Service Thread" daemon [_thread_blocked, id=22531, stack(0x0000700009471000,0x0000700009571000)]
  0x00007fe762814000 JavaThread "C1 CompilerThread3" daemon [_thread_blocked, id=22019, stack(0x000070000936e000,0x000070000946e000)]
  0x00007fe762813800 JavaThread "C2 CompilerThread2" daemon [_thread_blocked, id=21507, stack(0x000070000926b000,0x000070000936b000)]
  0x00007fe765002800 JavaThread "C2 CompilerThread1" daemon [_thread_blocked, id=20995, stack(0x0000700009168000,0x0000700009268000)]
  0x00007fe765002000 JavaThread "C2 CompilerThread0" daemon [_thread_blocked, id=20483, stack(0x0000700009065000,0x0000700009165000)]
  0x00007fe763801800 JavaThread "JDWP Command Reader" daemon [_thread_in_native, id=19971, stack(0x0000700008f62000,0x0000700009062000)]
  0x00007fe762812800 JavaThread "JDWP Event Helper Thread" daemon [_thread_blocked, id=19459, stack(0x0000700008e5f000,0x0000700008f5f000)]
  0x00007fe762820800 JavaThread "JDWP Transport Listener: dt_socket" daemon [_thread_blocked, id=18951, stack(0x0000700008d5c000,0x0000700008e5c000)]
  0x00007fe76300a000 JavaThread "Signal Dispatcher" daemon [_thread_blocked, id=18443, stack(0x0000700008c59000,0x0000700008d59000)]
  0x00007fe764014000 JavaThread "Finalizer" daemon [_thread_blocked, id=15107, stack(0x0000700008b56000,0x0000700008c56000)]
  0x00007fe76200c800 JavaThread "Reference Handler" daemon [_thread_blocked, id=14595, stack(0x0000700008a53000,0x0000700008b53000)]
  0x00007fe762001800 JavaThread "main" [_thread_blocked, id=6915, stack(0x0000700008035000,0x0000700008135000)]

Other Threads:
  0x00007fe76200b800 VMThread [stack: 0x0000700008950000,0x0000700008a50000] [id=14083]
  0x00007fe76105b000 WatcherThread [stack: 0x0000700009574000,0x0000700009674000] [id=23043]

VM state:not at safepoint (normal execution)

VM Mutex/Monitor currently owned by a thread: None

Heap:
 PSYoungGen      total 76288K, used 49259K [0x000000076ab00000, 0x0000000770000000, 0x00000007c0000000)
  eden space 65536K, 75% used [0x000000076ab00000,0x000000076db1af28,0x000000076eb00000)
  from space 10752K, 0% used [0x000000076eb00000,0x000000076eb00000,0x000000076f580000)
  to   space 10752K, 0% used [0x000000076f580000,0x000000076f580000,0x0000000770000000)
 ParOldGen       total 81920K, used 12568K [0x00000006c0000000, 0x00000006c5000000, 0x000000076ab00000)
  object space 81920K, 15% used [0x00000006c0000000,0x00000006c0c46078,0x00000006c5000000)
 Metaspace       used 23853K, capacity 25040K, committed 25088K, reserved 1071104K
  class space    used 3040K, capacity 3308K, committed 3328K, reserved 1048576K

Card table byte_map: [0x0000000110f67000,0x0000000111768000] byte_map_base: 0x000000010d967000

Marking Bits: (ParMarkBitMap*) 0x00000001104f35d0
 Begin Bits: [0x0000000111cbe000, 0x0000000115cbe000)
 End Bits:   [0x0000000115cbe000, 0x0000000119cbe000)

Polling page: 0x000000010eaca000

CodeCache: size=245760Kb used=12943Kb max_used=13210Kb free=232816Kb
 bounds [0x000000011b371000, 0x000000011c071000, 0x000000012a371000]
 total_blobs=4629 nmethods=3877 adapters=672
 compilation: enabled

Compilation events (10 events):
Event: 70.402 Thread 0x00007fe765002800 nmethod 4208 0x000000011b999f50 code [0x000000011b99a0c0, 0x000000011b99a618]
Event: 70.402 Thread 0x00007fe762814000 nmethod 4213 0x000000011b493250 code [0x000000011b4933c0, 0x000000011b493610]
Event: 70.402 Thread 0x00007fe762814000 4216       3       javafx.scene.control.SkinBase::snappedLeftInset (8 bytes)
Event: 70.402 Thread 0x00007fe762814000 nmethod 4216 0x000000011b875a90 code [0x000000011b875c00, 0x000000011b875e50]
Event: 70.402 Thread 0x00007fe762814000 4214       1       javafx.scene.text.Text$TextAttribute::access$2100 (5 bytes)
Event: 70.402 Thread 0x00007fe762814000 nmethod 4214 0x000000011ba31e50 code [0x000000011ba31fa0, 0x000000011ba32090]
Event: 70.402 Thread 0x00007fe762814000 4215       1       javafx.scene.text.Text$TextAttribute::access$2200 (5 bytes)
Event: 70.402 Thread 0x00007fe762814000 nmethod 4215 0x000000011b5194d0 code [0x000000011b519620, 0x000000011b519710]
Event: 70.402 Thread 0x00007fe762814000 4211       1       javafx.scene.control.ComboBox::converterProperty (5 bytes)
Event: 70.402 Thread 0x00007fe762814000 nmethod 4211 0x000000011b649d90 code [0x000000011b649ee0, 0x000000011b649ff0]

GC Heap History (4 events):
Event: 6.318 GC heap before
{Heap before GC invocations=1 (full 0):
 PSYoungGen      total 76288K, used 63503K [0x000000076ab00000, 0x0000000770000000, 0x00000007c0000000)
  eden space 65536K, 96% used [0x000000076ab00000,0x000000076e903e28,0x000000076eb00000)
  from space 10752K, 0% used [0x000000076f580000,0x000000076f580000,0x0000000770000000)
  to   space 10752K, 0% used [0x000000076eb00000,0x000000076eb00000,0x000000076f580000)
 ParOldGen       total 175104K, used 0K [0x00000006c0000000, 0x00000006cab00000, 0x000000076ab00000)
  object space 175104K, 0% used [0x00000006c0000000,0x00000006c0000000,0x00000006cab00000)
 Metaspace       used 20426K, capacity 21186K, committed 21248K, reserved 1067008K
  class space    used 2582K, capacity 2803K, committed 2816K, reserved 1048576K
Event: 6.327 GC heap after
Heap after GC invocations=1 (full 0):
 PSYoungGen      total 76288K, used 10722K [0x000000076ab00000, 0x0000000770000000, 0x00000007c0000000)
  eden space 65536K, 0% used [0x000000076ab00000,0x000000076ab00000,0x000000076eb00000)
  from space 10752K, 99% used [0x000000076eb00000,0x000000076f578a90,0x000000076f580000)
  to   space 10752K, 0% used [0x000000076f580000,0x000000076f580000,0x0000000770000000)
 ParOldGen       total 175104K, used 3429K [0x00000006c0000000, 0x00000006cab00000, 0x000000076ab00000)
  object space 175104K, 1% used [0x00000006c0000000,0x00000006c0359440,0x00000006cab00000)
 Metaspace       used 20426K, capacity 21186K, committed 21248K, reserved 1067008K
  class space    used 2582K, capacity 2803K, committed 2816K, reserved 1048576K
}
Event: 6.327 GC heap before
{Heap before GC invocations=2 (full 1):
 PSYoungGen      total 76288K, used 10722K [0x000000076ab00000, 0x0000000770000000, 0x00000007c0000000)
  eden space 65536K, 0% used [0x000000076ab00000,0x000000076ab00000,0x000000076eb00000)
  from space 10752K, 99% used [0x000000076eb00000,0x000000076f578a90,0x000000076f580000)
  to   space 10752K, 0% used [0x000000076f580000,0x000000076f580000,0x0000000770000000)
 ParOldGen       total 175104K, used 3429K [0x00000006c0000000, 0x00000006cab00000, 0x000000076ab00000)
  object space 175104K, 1% used [0x00000006c0000000,0x00000006c0359440,0x00000006cab00000)
 Metaspace       used 20426K, capacity 21186K, committed 21248K, reserved 1067008K
  class space    used 2582K, capacity 2803K, committed 2816K, reserved 1048576K
Event: 6.352 GC heap after
Heap after GC invocations=2 (full 1):
 PSYoungGen      total 76288K, used 0K [0x000000076ab00000, 0x0000000770000000, 0x00000007c0000000)
  eden space 65536K, 0% used [0x000000076ab00000,0x000000076ab00000,0x000000076eb00000)
  from space 10752K, 0% used [0x000000076eb00000,0x000000076eb00000,0x000000076f580000)
  to   space 10752K, 0% used [0x000000076f580000,0x000000076f580000,0x0000000770000000)
 ParOldGen       total 81920K, used 12568K [0x00000006c0000000, 0x00000006c5000000, 0x000000076ab00000)
  object space 81920K, 15% used [0x00000006c0000000,0x00000006c0c46078,0x00000006c5000000)
 Metaspace       used 20426K, capacity 21186K, committed 21248K, reserved 1067008K
  class space    used 2582K, capacity 2803K, committed 2816K, reserved 1048576K
}

Deoptimization events (10 events):
Event: 12.873 Thread 0x00007fe76404a800 Uncommon trap: reason=unstable_if action=reinterpret pc=0x000000011bb16e50 method=javafx.scene.Node.hasProperties()Z @ 16
Event: 12.874 Thread 0x00007fe76404a800 Uncommon trap: reason=unstable_if action=reinterpret pc=0x000000011bb0af94 method=javafx.scene.Node.hasProperties()Z @ 16
Event: 15.289 Thread 0x00007fe76404a800 Uncommon trap: reason=array_check action=maybe_recompile pc=0x000000011bdf2d1c method=com.sun.javafx.css.CompoundSelector.applies(Ljavafx/css/Styleable;[Ljava/util/Set;I)Z @ 128
Event: 15.289 Thread 0x00007fe76404a800 Uncommon trap: reason=array_check action=maybe_recompile pc=0x000000011bdf2d1c method=com.sun.javafx.css.CompoundSelector.applies(Ljavafx/css/Styleable;[Ljava/util/Set;I)Z @ 128
Event: 15.289 Thread 0x00007fe76404a800 Uncommon trap: reason=array_check action=maybe_recompile pc=0x000000011bdf2d1c method=com.sun.javafx.css.CompoundSelector.applies(Ljavafx/css/Styleable;[Ljava/util/Set;I)Z @ 128
Event: 15.289 Thread 0x00007fe76404a800 Uncommon trap: reason=array_check action=maybe_recompile pc=0x000000011bdf2d1c method=com.sun.javafx.css.CompoundSelector.applies(Ljavafx/css/Styleable;[Ljava/util/Set;I)Z @ 128
Event: 20.155 Thread 0x00007fe76404a800 Uncommon trap: reason=class_check action=maybe_recompile pc=0x000000011bb06158 method=com.sun.javafx.collections.ObservableMapWrapper.get(Ljava/lang/Object;)Ljava/lang/Object; @ 5
Event: 41.776 Thread 0x00007fe76404a800 Uncommon trap: reason=unstable_if action=reinterpret pc=0x000000011bbcda80 method=com.sun.javafx.css.StyleManager$CacheContainer.getStyleMap(I)Lcom/sun/javafx/css/StyleMap; @ 9
Event: 41.776 Thread 0x00007fe76404a800 Uncommon trap: reason=unstable_if action=reinterpret pc=0x000000011bbafe54 method=com.sun.javafx.css.StyleManager$CacheContainer.getStyleMap(I)Lcom/sun/javafx/css/StyleMap; @ 9
Event: 69.220 Thread 0x00007fe76404a800 Uncommon trap: reason=class_check action=maybe_recompile pc=0x000000011bb06158 method=com.sun.javafx.collections.ObservableMapWrapper.get(Ljava/lang/Object;)Ljava/lang/Object; @ 5

Internal exceptions (10 events):
Event: 60.550 Thread 0x00007fe763c72000 Exception <a 'java/net/SocketTimeoutException': Accept timed out> (0x000000076b222ee0) thrown at [/Users/java_re/workspace/8-2-build-macosx-x86_64/jdk8u151/9699/hotspot/src/share/vm/prims/jni.cpp, line 735]
Event: 61.552 Thread 0x00007fe763c72000 Exception <a 'java/net/SocketTimeoutException': Accept timed out> (0x000000076b223278) thrown at [/Users/java_re/workspace/8-2-build-macosx-x86_64/jdk8u151/9699/hotspot/src/share/vm/prims/jni.cpp, line 735]
Event: 62.556 Thread 0x00007fe763c72000 Exception <a 'java/net/SocketTimeoutException': Accept timed out> (0x000000076b223610) thrown at [/Users/java_re/workspace/8-2-build-macosx-x86_64/jdk8u151/9699/hotspot/src/share/vm/prims/jni.cpp, line 735]
Event: 63.558 Thread 0x00007fe763c72000 Exception <a 'java/net/SocketTimeoutException': Accept timed out> (0x000000076b2239a8) thrown at [/Users/java_re/workspace/8-2-build-macosx-x86_64/jdk8u151/9699/hotspot/src/share/vm/prims/jni.cpp, line 735]
Event: 64.561 Thread 0x00007fe763c72000 Exception <a 'java/net/SocketTimeoutException': Accept timed out> (0x000000076b223d40) thrown at [/Users/java_re/workspace/8-2-build-macosx-x86_64/jdk8u151/9699/hotspot/src/share/vm/prims/jni.cpp, line 735]
Event: 65.566 Thread 0x00007fe763c72000 Exception <a 'java/net/SocketTimeoutException': Accept timed out> (0x000000076b2240d8) thrown at [/Users/java_re/workspace/8-2-build-macosx-x86_64/jdk8u151/9699/hotspot/src/share/vm/prims/jni.cpp, line 735]
Event: 66.566 Thread 0x00007fe763c72000 Exception <a 'java/net/SocketTimeoutException': Accept timed out> (0x000000076b224470) thrown at [/Users/java_re/workspace/8-2-build-macosx-x86_64/jdk8u151/9699/hotspot/src/share/vm/prims/jni.cpp, line 735]
Event: 67.570 Thread 0x00007fe763c72000 Exception <a 'java/net/SocketTimeoutException': Accept timed out> (0x000000076b224808) thrown at [/Users/java_re/workspace/8-2-build-macosx-x86_64/jdk8u151/9699/hotspot/src/share/vm/prims/jni.cpp, line 735]
Event: 68.571 Thread 0x00007fe763c72000 Exception <a 'java/net/SocketTimeoutException': Accept timed out> (0x000000076b224ba0) thrown at [/Users/java_re/workspace/8-2-build-macosx-x86_64/jdk8u151/9699/hotspot/src/share/vm/prims/jni.cpp, line 735]
Event: 69.575 Thread 0x00007fe763c72000 Exception <a 'java/net/SocketTimeoutException': Accept timed out> (0x000000076b224f38) thrown at [/Users/java_re/workspace/8-2-build-macosx-x86_64/jdk8u151/9699/hotspot/src/share/vm/prims/jni.cpp, line 735]

Events (10 events):
Event: 69.828 Thread 0x00007fe762814000 flushing nmethod 0x000000011ba31e50
Event: 69.828 Thread 0x00007fe762814000 flushing nmethod 0x000000011ba348d0
Event: 69.828 Thread 0x00007fe762814000 flushing nmethod 0x000000011ba34c10
Event: 69.828 Thread 0x00007fe762814000 flushing nmethod 0x000000011ba34f50
Event: 69.828 Thread 0x00007fe762814000 flushing nmethod 0x000000011ba43650
Event: 69.829 Thread 0x00007fe762814000 flushing nmethod 0x000000011ba8dbd0
Event: 69.829 Thread 0x00007fe762814000 flushing nmethod 0x000000011bac0190
Event: 69.829 Thread 0x00007fe762814000 flushing nmethod 0x000000011bac4290
Event: 69.829 Thread 0x00007fe762814000 flushing nmethod 0x000000011bbaafd0
Event: 69.829 Thread 0x00007fe762814000 flushing nmethod 0x000000011bbc3a90


Dynamic libraries:
0x000000000494f000 	/System/Library/Frameworks/Cocoa.framework/Versions/A/Cocoa
0x000000000494f000 	/System/Library/Frameworks/Security.framework/Versions/A/Security
0x000000000494f000 	/System/Library/Frameworks/ApplicationServices.framework/Versions/A/ApplicationServices
0x000000000494f000 	/usr/lib/libz.1.dylib
0x000000000494f000 	/usr/lib/libSystem.B.dylib
0x000000000494f000 	/usr/lib/libobjc.A.dylib
0x000000000494f000 	/System/Library/Frameworks/CoreFoundation.framework/Versions/A/CoreFoundation
0x000000000494f000 	/System/Library/Frameworks/Foundation.framework/Versions/C/Foundation
0x000000000494f000 	/System/Library/Frameworks/AppKit.framework/Versions/C/AppKit
0x000000000494f000 	/System/Library/Frameworks/CoreData.framework/Versions/A/CoreData
0x000000000494f000 	/System/Library/PrivateFrameworks/RemoteViewServices.framework/Versions/A/RemoteViewServices
0x000000000494f000 	/System/Library/PrivateFrameworks/UIFoundation.framework/Versions/A/UIFoundation
0x000000000494f000 	/System/Library/PrivateFrameworks/DFRFoundation.framework/Versions/A/DFRFoundation
0x000000000494f000 	/System/Library/Frameworks/Metal.framework/Versions/A/Metal
0x000000000494f000 	/System/Library/PrivateFrameworks/DesktopServicesPriv.framework/Versions/A/DesktopServicesPriv
0x000000000494f000 	/usr/lib/libenergytrace.dylib
0x000000000494f000 	/System/Library/PrivateFrameworks/SkyLight.framework/Versions/A/SkyLight
0x000000000494f000 	/System/Library/Frameworks/CoreGraphics.framework/Versions/A/CoreGraphics
0x000000000494f000 	/usr/lib/libScreenReader.dylib
0x000000000494f000 	/System/Library/Frameworks/Accelerate.framework/Versions/A/Accelerate
0x000000000494f000 	/System/Library/Frameworks/IOSurface.framework/Versions/A/IOSurface
0x000000000494f000 	/System/Library/Frameworks/AudioToolbox.framework/Versions/A/AudioToolbox
0x000000000494f000 	/System/Library/Frameworks/AudioUnit.framework/Versions/A/AudioUnit
0x000000000494f000 	/System/Library/PrivateFrameworks/DataDetectorsCore.framework/Versions/A/DataDetectorsCore
0x000000000494f000 	/System/Library/Frameworks/Carbon.framework/Versions/A/Frameworks/HIToolbox.framework/Versions/A/HIToolbox
0x000000000494f000 	/usr/lib/libicucore.A.dylib
0x000000000494f000 	/System/Library/Frameworks/QuartzCore.framework/Versions/A/QuartzCore
0x000000000494f000 	/System/Library/Frameworks/Carbon.framework/Versions/A/Frameworks/SpeechRecognition.framework/Versions/A/SpeechRecognition
0x000000000494f000 	/usr/lib/libauto.dylib
0x000000000494f000 	/usr/lib/libxml2.2.dylib
0x000000000494f000 	/System/Library/PrivateFrameworks/CoreUI.framework/Versions/A/CoreUI
0x000000000494f000 	/System/Library/Frameworks/CoreAudio.framework/Versions/A/CoreAudio
0x000000000494f000 	/System/Library/Frameworks/DiskArbitration.framework/Versions/A/DiskArbitration
0x000000000494f000 	/usr/lib/liblangid.dylib
0x000000000494f000 	/System/Library/PrivateFrameworks/MultitouchSupport.framework/Versions/A/MultitouchSupport
0x000000000494f000 	/System/Library/Frameworks/IOKit.framework/Versions/A/IOKit
0x000000000494f000 	/usr/lib/libDiagnosticMessagesClient.dylib
0x000000000494f000 	/System/Library/Frameworks/CoreServices.framework/Versions/A/CoreServices
0x000000000494f000 	/System/Library/PrivateFrameworks/PerformanceAnalysis.framework/Versions/A/PerformanceAnalysis
0x000000000494f000 	/System/Library/Frameworks/OpenGL.framework/Versions/A/OpenGL
0x000000000494f000 	/System/Library/Frameworks/ColorSync.framework/Versions/A/ColorSync
0x000000000494f000 	/System/Library/Frameworks/CoreImage.framework/Versions/A/CoreImage
0x000000000494f000 	/System/Library/Frameworks/CoreText.framework/Versions/A/CoreText
0x000000000494f000 	/System/Library/Frameworks/ImageIO.framework/Versions/A/ImageIO
0x000000000494f000 	/System/Library/PrivateFrameworks/Backup.framework/Versions/A/Backup
0x000000000494f000 	/usr/lib/libarchive.2.dylib
0x000000000494f000 	/System/Library/Frameworks/CFNetwork.framework/Versions/A/CFNetwork
0x000000000494f000 	/System/Library/Frameworks/SystemConfiguration.framework/Versions/A/SystemConfiguration
0x000000000494f000 	/usr/lib/libCRFSuite.dylib
0x000000000494f000 	/usr/lib/libc++.1.dylib
0x000000000494f000 	/usr/lib/libc++abi.dylib
0x000000000494f000 	/usr/lib/system/libcache.dylib
0x000000000494f000 	/usr/lib/system/libcommonCrypto.dylib
0x000000000494f000 	/usr/lib/system/libcompiler_rt.dylib
0x000000000494f000 	/usr/lib/system/libcopyfile.dylib
0x000000000494f000 	/usr/lib/system/libcorecrypto.dylib
0x000000000494f000 	/usr/lib/system/libdispatch.dylib
0x000000000494f000 	/usr/lib/system/libdyld.dylib
0x000000000494f000 	/usr/lib/system/libkeymgr.dylib
0x000000000494f000 	/usr/lib/system/liblaunch.dylib
0x000000000494f000 	/usr/lib/system/libmacho.dylib
0x000000000494f000 	/usr/lib/system/libquarantine.dylib
0x000000000494f000 	/usr/lib/system/libremovefile.dylib
0x000000000494f000 	/usr/lib/system/libsystem_asl.dylib
0x000000000494f000 	/usr/lib/system/libsystem_blocks.dylib
0x000000000494f000 	/usr/lib/system/libsystem_c.dylib
0x000000000494f000 	/usr/lib/system/libsystem_configuration.dylib
0x000000000494f000 	/usr/lib/system/libsystem_coreservices.dylib
0x000000000494f000 	/usr/lib/system/libsystem_darwin.dylib
0x000000000494f000 	/usr/lib/system/libsystem_dnssd.dylib
0x000000000494f000 	/usr/lib/system/libsystem_info.dylib
0x000000000494f000 	/usr/lib/system/libsystem_m.dylib
0x000000000494f000 	/usr/lib/system/libsystem_malloc.dylib
0x000000000494f000 	/usr/lib/system/libsystem_network.dylib
0x000000000494f000 	/usr/lib/system/libsystem_networkextension.dylib
0x000000000494f000 	/usr/lib/system/libsystem_notify.dylib
0x000000000494f000 	/usr/lib/system/libsystem_sandbox.dylib
0x000000000494f000 	/usr/lib/system/libsystem_secinit.dylib
0x000000000494f000 	/usr/lib/system/libsystem_kernel.dylib
0x000000000494f000 	/usr/lib/system/libsystem_platform.dylib
0x000000000494f000 	/usr/lib/system/libsystem_pthread.dylib
0x000000000494f000 	/usr/lib/system/libsystem_symptoms.dylib
0x000000000494f000 	/usr/lib/system/libsystem_trace.dylib
0x000000000494f000 	/usr/lib/system/libunwind.dylib
0x000000000494f000 	/usr/lib/system/libxpc.dylib
0x000000000494f000 	/usr/lib/closure/libclosured.dylib
0x000000000494f000 	/usr/lib/libbsm.0.dylib
0x000000000494f000 	/usr/lib/system/libkxld.dylib
0x000000000494f000 	/usr/lib/libOpenScriptingUtil.dylib
0x000000000494f000 	/usr/lib/libcoretls.dylib
0x000000000494f000 	/usr/lib/libcoretls_cfhelpers.dylib
0x000000000494f000 	/usr/lib/libpam.2.dylib
0x000000000494f000 	/usr/lib/libsqlite3.dylib
0x000000000494f000 	/usr/lib/libxar.1.dylib
0x000000000494f000 	/usr/lib/libbz2.1.0.dylib
0x000000000494f000 	/usr/lib/liblzma.5.dylib
0x000000000494f000 	/usr/lib/libnetwork.dylib
0x000000000494f000 	/usr/lib/libapple_nghttp2.dylib
0x000000000494f000 	/usr/lib/libpcap.A.dylib
0x000000000494f000 	/usr/lib/libboringssl.dylib
0x000000000494f000 	/usr/lib/libusrtcp.dylib
0x000000000494f000 	/usr/lib/libapple_crypto.dylib
0x000000000494f000 	/System/Library/Frameworks/CoreServices.framework/Versions/A/Frameworks/FSEvents.framework/Versions/A/FSEvents
0x000000000494f000 	/System/Library/Frameworks/CoreServices.framework/Versions/A/Frameworks/CarbonCore.framework/Versions/A/CarbonCore
0x000000000494f000 	/System/Library/Frameworks/CoreServices.framework/Versions/A/Frameworks/Metadata.framework/Versions/A/Metadata
0x000000000494f000 	/System/Library/Frameworks/CoreServices.framework/Versions/A/Frameworks/OSServices.framework/Versions/A/OSServices
0x000000000494f000 	/System/Library/Frameworks/CoreServices.framework/Versions/A/Frameworks/SearchKit.framework/Versions/A/SearchKit
0x000000000494f000 	/System/Library/Frameworks/CoreServices.framework/Versions/A/Frameworks/AE.framework/Versions/A/AE
0x000000000494f000 	/System/Library/Frameworks/CoreServices.framework/Versions/A/Frameworks/LaunchServices.framework/Versions/A/LaunchServices
0x000000000494f000 	/System/Library/Frameworks/CoreServices.framework/Versions/A/Frameworks/DictionaryServices.framework/Versions/A/DictionaryServices
0x000000000494f000 	/System/Library/Frameworks/CoreServices.framework/Versions/A/Frameworks/SharedFileList.framework/Versions/A/SharedFileList
0x000000000494f000 	/System/Library/Frameworks/NetFS.framework/Versions/A/NetFS
0x000000000494f000 	/System/Library/PrivateFrameworks/NetAuth.framework/Versions/A/NetAuth
0x000000000494f000 	/System/Library/PrivateFrameworks/login.framework/Versions/A/Frameworks/loginsupport.framework/Versions/A/loginsupport
0x000000000494f000 	/System/Library/PrivateFrameworks/TCC.framework/Versions/A/TCC
0x000000000494f000 	/usr/lib/libmecabra.dylib
0x000000000494f000 	/System/Library/Frameworks/ApplicationServices.framework/Versions/A/Frameworks/ATS.framework/Versions/A/ATS
0x000000000494f000 	/System/Library/Frameworks/ApplicationServices.framework/Versions/A/Frameworks/ColorSyncLegacy.framework/Versions/A/ColorSyncLegacy
0x000000000494f000 	/System/Library/Frameworks/ApplicationServices.framework/Versions/A/Frameworks/HIServices.framework/Versions/A/HIServices
0x000000000494f000 	/System/Library/Frameworks/ApplicationServices.framework/Versions/A/Frameworks/LangAnalysis.framework/Versions/A/LangAnalysis
0x000000000494f000 	/System/Library/Frameworks/ApplicationServices.framework/Versions/A/Frameworks/PrintCore.framework/Versions/A/PrintCore
0x000000000494f000 	/System/Library/Frameworks/ApplicationServices.framework/Versions/A/Frameworks/QD.framework/Versions/A/QD
0x000000000494f000 	/System/Library/Frameworks/ApplicationServices.framework/Versions/A/Frameworks/SpeechSynthesis.framework/Versions/A/SpeechSynthesis
0x000000000494f000 	/System/Library/Frameworks/CoreDisplay.framework/Versions/A/CoreDisplay
0x000000000494f000 	/System/Library/Frameworks/Accelerate.framework/Versions/A/Frameworks/vImage.framework/Versions/A/vImage
0x000000000494f000 	/System/Library/Frameworks/Accelerate.framework/Versions/A/Frameworks/vecLib.framework/Versions/A/vecLib
0x000000000494f000 	/System/Library/Frameworks/Accelerate.framework/Versions/A/Frameworks/vecLib.framework/Versions/A/libvDSP.dylib
0x000000000494f000 	/System/Library/Frameworks/Accelerate.framework/Versions/A/Frameworks/vecLib.framework/Versions/A/libBNNS.dylib
0x000000000494f000 	/System/Library/Frameworks/Accelerate.framework/Versions/A/Frameworks/vecLib.framework/Versions/A/libQuadrature.dylib
0x000000000494f000 	/System/Library/Frameworks/Accelerate.framework/Versions/A/Frameworks/vecLib.framework/Versions/A/libvMisc.dylib
0x000000000494f000 	/System/Library/Frameworks/Accelerate.framework/Versions/A/Frameworks/vecLib.framework/Versions/A/libLAPACK.dylib
0x000000000494f000 	/System/Library/Frameworks/Accelerate.framework/Versions/A/Frameworks/vecLib.framework/Versions/A/libBLAS.dylib
0x000000000494f000 	/System/Library/Frameworks/Accelerate.framework/Versions/A/Frameworks/vecLib.framework/Versions/A/libLinearAlgebra.dylib
0x000000000494f000 	/System/Library/Frameworks/Accelerate.framework/Versions/A/Frameworks/vecLib.framework/Versions/A/libSparse.dylib
0x000000000494f000 	/System/Library/Frameworks/Accelerate.framework/Versions/A/Frameworks/vecLib.framework/Versions/A/libSparseBLAS.dylib
0x000000000494f000 	/System/Library/PrivateFrameworks/IOAccelerator.framework/Versions/A/IOAccelerator
0x000000000494f000 	/System/Library/PrivateFrameworks/IOPresentment.framework/Versions/A/IOPresentment
0x000000000494f000 	/System/Library/PrivateFrameworks/DSExternalDisplay.framework/Versions/A/DSExternalDisplay
0x000000000494f000 	/System/Library/Frameworks/OpenGL.framework/Versions/A/Libraries/libCoreFSCache.dylib
0x000000000494f000 	/System/Library/Frameworks/CoreVideo.framework/Versions/A/CoreVideo
0x000000000494f000 	/System/Library/PrivateFrameworks/GraphVisualizer.framework/Versions/A/GraphVisualizer
0x000000000494f000 	/System/Library/Frameworks/MetalPerformanceShaders.framework/Versions/A/MetalPerformanceShaders
0x000000000494f000 	/usr/lib/libFosl_dynamic.dylib
0x000000000494f000 	/System/Library/PrivateFrameworks/FaceCore.framework/Versions/A/FaceCore
0x000000000494f000 	/System/Library/Frameworks/OpenCL.framework/Versions/A/OpenCL
0x000000000494f000 	/usr/lib/libcompression.dylib
0x000000000494f000 	/System/Library/Frameworks/ApplicationServices.framework/Versions/A/Frameworks/ATS.framework/Versions/A/Resources/libFontParser.dylib
0x000000000494f000 	/System/Library/Frameworks/ApplicationServices.framework/Versions/A/Frameworks/ATS.framework/Versions/A/Resources/libFontRegistry.dylib
0x000000000494f000 	/System/Library/Frameworks/ImageIO.framework/Versions/A/Resources/libJPEG.dylib
0x000000000494f000 	/System/Library/Frameworks/ImageIO.framework/Versions/A/Resources/libTIFF.dylib
0x000000000494f000 	/System/Library/Frameworks/ImageIO.framework/Versions/A/Resources/libPng.dylib
0x000000000494f000 	/System/Library/Frameworks/ImageIO.framework/Versions/A/Resources/libGIF.dylib
0x000000000494f000 	/System/Library/Frameworks/ImageIO.framework/Versions/A/Resources/libJP2.dylib
0x000000000494f000 	/System/Library/Frameworks/ImageIO.framework/Versions/A/Resources/libRadiance.dylib
0x000000000494f000 	/System/Library/PrivateFrameworks/AppleJPEG.framework/Versions/A/AppleJPEG
0x000000000494f000 	/System/Library/PrivateFrameworks/MetalTools.framework/Versions/A/MetalTools
0x000000000494f000 	/System/Library/Frameworks/MetalPerformanceShaders.framework/Frameworks/MPSCore.framework/Versions/A/MPSCore
0x000000000494f000 	/System/Library/Frameworks/MetalPerformanceShaders.framework/Frameworks/MPSImage.framework/Versions/A/MPSImage
0x000000000494f000 	/System/Library/Frameworks/MetalPerformanceShaders.framework/Frameworks/MPSMatrix.framework/Versions/A/MPSMatrix
0x000000000494f000 	/System/Library/Frameworks/MetalPerformanceShaders.framework/Frameworks/MPSNeuralNetwork.framework/Versions/A/MPSNeuralNetwork
0x000000000494f000 	/System/Library/Frameworks/OpenGL.framework/Versions/A/Libraries/libGLU.dylib
0x000000000494f000 	/System/Library/Frameworks/OpenGL.framework/Versions/A/Libraries/libGFXShared.dylib
0x000000000494f000 	/System/Library/Frameworks/OpenGL.framework/Versions/A/Libraries/libGL.dylib
0x000000000494f000 	/System/Library/Frameworks/OpenGL.framework/Versions/A/Libraries/libGLImage.dylib
0x000000000494f000 	/System/Library/Frameworks/OpenGL.framework/Versions/A/Libraries/libCVMSPluginSupport.dylib
0x000000000494f000 	/System/Library/Frameworks/OpenGL.framework/Versions/A/Libraries/libCoreVMClient.dylib
0x000000000494f000 	/usr/lib/libcups.2.dylib
0x000000000494f000 	/System/Library/Frameworks/Kerberos.framework/Versions/A/Kerberos
0x000000000494f000 	/System/Library/Frameworks/GSS.framework/Versions/A/GSS
0x000000000494f000 	/usr/lib/libresolv.9.dylib
0x000000000494f000 	/usr/lib/libiconv.2.dylib
0x000000000494f000 	/System/Library/PrivateFrameworks/Heimdal.framework/Versions/A/Heimdal
0x000000000494f000 	/usr/lib/libheimdal-asn1.dylib
0x000000000494f000 	/System/Library/Frameworks/OpenDirectory.framework/Versions/A/OpenDirectory
0x000000000494f000 	/System/Library/PrivateFrameworks/CommonAuth.framework/Versions/A/CommonAuth
0x000000000494f000 	/System/Library/Frameworks/OpenDirectory.framework/Versions/A/Frameworks/CFOpenDirectory.framework/Versions/A/CFOpenDirectory
0x000000000494f000 	/System/Library/Frameworks/SecurityFoundation.framework/Versions/A/SecurityFoundation
0x000000000494f000 	/System/Library/PrivateFrameworks/APFS.framework/Versions/A/APFS
0x000000000494f000 	/usr/lib/libutil.dylib
0x000000000494f000 	/System/Library/PrivateFrameworks/AppleSauce.framework/Versions/A/AppleSauce
0x000000000494f000 	/System/Library/PrivateFrameworks/LinguisticData.framework/Versions/A/LinguisticData
0x000000000494f000 	/usr/lib/libmarisa.dylib
0x000000000494f000 	/System/Library/PrivateFrameworks/Lexicon.framework/Versions/A/Lexicon
0x000000000494f000 	/usr/lib/libChineseTokenizer.dylib
0x000000000494f000 	/usr/lib/libcmph.dylib
0x000000000494f000 	/System/Library/PrivateFrameworks/LanguageModeling.framework/Versions/A/LanguageModeling
0x000000000494f000 	/System/Library/PrivateFrameworks/CoreEmoji.framework/Versions/A/CoreEmoji
0x000000000494f000 	/System/Library/Frameworks/ServiceManagement.framework/Versions/A/ServiceManagement
0x000000000494f000 	/System/Library/PrivateFrameworks/BackgroundTaskManagement.framework/Versions/A/BackgroundTaskManagement
0x000000000494f000 	/usr/lib/libxslt.1.dylib
0x000000000494f000 	/System/Library/Frameworks/Carbon.framework/Versions/A/Frameworks/Ink.framework/Versions/A/Ink
0x000000000494f000 	/System/Library/PrivateFrameworks/TextureIO.framework/Versions/A/TextureIO
0x000000000494f000 	/usr/lib/libate.dylib
0x000000000494f000 	/System/Library/PrivateFrameworks/CrashReporterSupport.framework/Versions/A/CrashReporterSupport
0x000000000494f000 	/System/Library/PrivateFrameworks/Sharing.framework/Versions/A/Sharing
0x000000000494f000 	/System/Library/PrivateFrameworks/IconServices.framework/Versions/A/IconServices
0x000000000494f000 	/System/Library/PrivateFrameworks/ProtocolBuffer.framework/Versions/A/ProtocolBuffer
0x000000000494f000 	/System/Library/PrivateFrameworks/Apple80211.framework/Versions/A/Apple80211
0x000000000494f000 	/System/Library/Frameworks/CoreWLAN.framework/Versions/A/CoreWLAN
0x000000000494f000 	/System/Library/PrivateFrameworks/CoreUtils.framework/Versions/A/CoreUtils
0x000000000494f000 	/System/Library/Frameworks/IOBluetooth.framework/Versions/A/IOBluetooth
0x000000000494f000 	/System/Library/PrivateFrameworks/CoreWiFi.framework/Versions/A/CoreWiFi
0x000000000494f000 	/System/Library/Frameworks/CoreBluetooth.framework/Versions/A/CoreBluetooth
0x000000000494f000 	/System/Library/PrivateFrameworks/SignpostNotification.framework/Versions/A/SignpostNotification
0x000000000494f000 	/System/Library/PrivateFrameworks/DebugSymbols.framework/Versions/A/DebugSymbols
0x000000000494f000 	/System/Library/PrivateFrameworks/CoreSymbolication.framework/Versions/A/CoreSymbolication
0x000000000494f000 	/System/Library/PrivateFrameworks/Symbolication.framework/Versions/A/Symbolication
0x000000000494f000 	/System/Library/PrivateFrameworks/AppleFSCompression.framework/Versions/A/AppleFSCompression
0x000000000494f000 	/System/Library/PrivateFrameworks/SpeechRecognitionCore.framework/Versions/A/SpeechRecognitionCore
0x000000000494f000 	/System/Library/CoreServices/Encodings/libSimplifiedChineseConverter.dylib
0x000000010fc00000 	/Library/Java/JavaVirtualMachines/jdk1.8.0_151.jdk/Contents/Home/jre/lib/server/libjvm.dylib
0x000000000494f000 	/usr/lib/libstdc++.6.0.9.dylib
0x000000010ea87000 	/Library/Java/JavaVirtualMachines/jdk1.8.0_151.jdk/Contents/Home/jre/lib/libverify.dylib
0x000000010ea95000 	/Library/Java/JavaVirtualMachines/jdk1.8.0_151.jdk/Contents/Home/jre/lib/libjava.dylib
0x000000010eacb000 	/Library/Java/JavaVirtualMachines/jdk1.8.0_151.jdk/Contents/Home/jre/lib/libjdwp.dylib
0x000000010eb16000 	/Library/Java/JavaVirtualMachines/jdk1.8.0_151.jdk/Contents/Home/jre/lib/libnpt.dylib
0x000000010eb63000 	/Library/Java/JavaVirtualMachines/jdk1.8.0_151.jdk/Contents/Home/jre/lib/libzip.dylib
0x000000000494f000 	/System/Library/Frameworks/JavaVM.framework/Versions/A/Frameworks/JavaRuntimeSupport.framework/Versions/A/JavaRuntimeSupport
0x000000000494f000 	/System/Library/Frameworks/JavaVM.framework/Versions/A/Frameworks/JavaNativeFoundation.framework/Versions/A/JavaNativeFoundation
0x000000000494f000 	/System/Library/Frameworks/JavaVM.framework/Versions/A/JavaVM
0x000000000494f000 	/System/Library/Frameworks/Carbon.framework/Versions/A/Carbon
0x000000000494f000 	/System/Library/PrivateFrameworks/JavaLaunching.framework/Versions/A/JavaLaunching
0x000000000494f000 	/System/Library/Frameworks/Carbon.framework/Versions/A/Frameworks/CommonPanels.framework/Versions/A/CommonPanels
0x000000000494f000 	/System/Library/Frameworks/Carbon.framework/Versions/A/Frameworks/Help.framework/Versions/A/Help
0x000000000494f000 	/System/Library/Frameworks/Carbon.framework/Versions/A/Frameworks/ImageCapture.framework/Versions/A/ImageCapture
0x000000000494f000 	/System/Library/Frameworks/Carbon.framework/Versions/A/Frameworks/OpenScripting.framework/Versions/A/OpenScripting
0x000000000494f000 	/System/Library/Frameworks/Carbon.framework/Versions/A/Frameworks/Print.framework/Versions/A/Print
0x000000000494f000 	/System/Library/Frameworks/Carbon.framework/Versions/A/Frameworks/SecurityHI.framework/Versions/A/SecurityHI
0x000000010ebed000 	/Library/Java/JavaVirtualMachines/jdk1.8.0_151.jdk/Contents/Home/jre/lib/libdt_socket.dylib
0x000000012d6f8000 	/Library/Java/JavaVirtualMachines/jdk1.8.0_151.jdk/Contents/Home/jre/lib/libprism_es2.dylib
0x000000000494f000 	/System/Library/PrivateFrameworks/CoreServicesInternal.framework/Versions/A/CoreServicesInternal
0x000000000494f000 	/System/Library/Frameworks/OpenGL.framework/Versions/A/Resources/GLEngine.bundle/GLEngine
0x000000000494f000 	/System/Library/Frameworks/OpenGL.framework/Versions/A/Libraries/libGLProgrammability.dylib
0x000000012d99e000 	/System/Library/Extensions/AppleIntelKBLGraphicsGLDriver.bundle/Contents/MacOS/AppleIntelKBLGraphicsGLDriver
0x000000000494f000 	/System/Library/PrivateFrameworks/GPUSupport.framework/Versions/A/Libraries/libGPUSupportMercury.dylib
0x000000012e9cc000 	/System/Library/Extensions/AMDRadeonX4000GLDriver.bundle/Contents/MacOS/AMDRadeonX4000GLDriver
0x000000000494f000 	/System/Library/Extensions/AMDRadeonX4000GLDriver.bundle/Contents/MacOS/ATIRadeonX4000SCLib.dylib
0x000000000494f000 	/System/Library/Frameworks/OpenGL.framework/Versions/A/Resources/GLRendererFloat.bundle/GLRendererFloat
0x000000000494f000 	/System/Library/Frameworks/OpenCL.framework/Versions/A/Libraries/libcldcpuengine.dylib
0x000000000494f000 	/usr/lib/libcrypto.35.dylib
0x000000000494f000 	/System/Library/PrivateFrameworks/TrustEvaluationAgent.framework/Versions/A/TrustEvaluationAgent
0x000000012eb36000 	/Library/Java/JavaVirtualMachines/jdk1.8.0_151.jdk/Contents/Home/jre/lib/libglass.dylib
0x000000000494f000 	/System/Library/CoreServices/RawCamera.bundle/Contents/MacOS/RawCamera
0x000000000494f000 	/System/Library/PrivateFrameworks/MobileAsset.framework/Versions/A/MobileAsset
0x000000000494f000 	/System/Library/PrivateFrameworks/StreamingZip.framework/Versions/A/StreamingZip
0x000000000494f000 	/System/Library/Frameworks/MediaToolbox.framework/Versions/A/MediaToolbox
0x000000000494f000 	/System/Library/PrivateFrameworks/CoreAVCHD.framework/Versions/A/CoreAVCHD
0x000000000494f000 	/System/Library/Frameworks/MediaAccessibility.framework/Versions/A/MediaAccessibility
0x000000000494f000 	/System/Library/PrivateFrameworks/Mangrove.framework/Versions/A/Mangrove
0x000000000494f000 	/System/Library/Frameworks/CoreMedia.framework/Versions/A/CoreMedia
0x000000000494f000 	/System/Library/Frameworks/VideoToolbox.framework/Versions/A/VideoToolbox
0x000000000494f000 	/System/Library/PrivateFrameworks/CoreAUC.framework/Versions/A/CoreAUC
0x000000000494f000 	/usr/lib/libspindump.dylib
0x000000000494f000 	/usr/lib/libdscsym.dylib
0x000000000494f000 	/System/Library/PrivateFrameworks/AppleVA.framework/Versions/A/AppleVA
0x000000000494f000 	/System/Library/Frameworks/Accelerate.framework/Versions/A/Frameworks/vImage.framework/Versions/A/Libraries/libCGInterfaces.dylib
0x000000000494f000 	/System/Library/PrivateFrameworks/FamilyControls.framework/Versions/A/FamilyControls
0x000000000494f000 	/System/Library/PrivateFrameworks/CommerceKit.framework/Versions/A/Frameworks/CommerceCore.framework/Versions/A/CommerceCore
0x000000000494f000 	/System/Library/PrivateFrameworks/SystemAdministration.framework/Versions/A/SystemAdministration
0x000000000494f000 	/System/Library/PrivateFrameworks/AppContainer.framework/Versions/A/AppContainer
0x000000000494f000 	/System/Library/PrivateFrameworks/SecCodeWrapper.framework/Versions/A/SecCodeWrapper
0x000000000494f000 	/System/Library/PrivateFrameworks/DiskManagement.framework/Versions/A/DiskManagement
0x000000000494f000 	/System/Library/Frameworks/DirectoryService.framework/Versions/A/DirectoryService
0x000000000494f000 	/System/Library/PrivateFrameworks/DiskImages.framework/Versions/A/DiskImages
0x000000000494f000 	/System/Library/PrivateFrameworks/LoginUIKit.framework/Versions/A/Frameworks/LoginUICore.framework/Versions/A/LoginUICore
0x000000000494f000 	/usr/lib/libCoreStorage.dylib
0x000000000494f000 	/usr/lib/libcsfde.dylib
0x000000000494f000 	/usr/lib/libodfde.dylib
0x000000000494f000 	/System/Library/PrivateFrameworks/MediaKit.framework/Versions/A/MediaKit
0x000000000494f000 	/System/Library/Frameworks/DiscRecording.framework/Versions/A/DiscRecording
0x000000000494f000 	/System/Library/PrivateFrameworks/EFILogin.framework/Versions/A/EFILogin
0x000000000494f000 	/System/Library/PrivateFrameworks/ProtectedCloudStorage.framework/Versions/A/ProtectedCloudStorage
0x000000000494f000 	/usr/lib/libcurl.4.dylib
0x000000000494f000 	/usr/lib/libssl.35.dylib
0x000000000494f000 	/System/Library/Frameworks/LDAP.framework/Versions/A/LDAP
0x000000000494f000 	/usr/lib/libsasl2.2.dylib
0x000000000494f000 	/System/Library/PrivateFrameworks/CoreDaemon.framework/Versions/B/CoreDaemon
0x000000000494f000 	/System/Library/PrivateFrameworks/AppleSRP.framework/Versions/A/AppleSRP
0x00000001313e9000 	/Library/Java/JavaVirtualMachines/jdk1.8.0_151.jdk/Contents/Home/jre/lib/libjavafx_font.dylib
0x000000000494f000 	/System/Library/Frameworks/ApplicationServices.framework/Versions/A/Frameworks/ATS.framework/Versions/A/Resources/libTrueTypeScaler.dylib
0x0000000132ab2000 	/Library/Java/JavaVirtualMachines/jdk1.8.0_151.jdk/Contents/Home/jre/lib/libnet.dylib
0x000000000494f000 	/System/Library/Extensions/AppleIntelKBLGraphicsMTLDriver.bundle/Contents/MacOS/AppleIntelKBLGraphicsMTLDriver
0x0000000135092000 	/System/Library/Extensions/AMDMTLBronzeDriver.bundle/Contents/MacOS/AMDMTLBronzeDriver
0x000000000494f000 	/System/Library/PrivateFrameworks/IOAccelMemoryInfo.framework/Versions/A/IOAccelMemoryInfo
0x000000000494f000 	/System/Library/PrivateFrameworks/GPUCompiler.framework/Versions/3802/Libraries/libmetal_timestamp.dylib
0x000000000494f000 	/System/Library/PrivateFrameworks/ViewBridge.framework/Versions/A/ViewBridge
0x000000012fb6a000 	/Library/Java/JavaVirtualMachines/jdk1.8.0_151.jdk/Contents/Home/jre/lib/libprism_common.dylib
0x000000000494f000 	/System/Library/PrivateFrameworks/login.framework/Versions/A/login

VM Arguments:
jvm_args: -agentlib:jdwp=transport=dt_socket,suspend=y,address=localhost:50631 -Dfile.encoding=UTF-8 
java_command: MiniNet
java_class_path (initial): /Library/Java/JavaVirtualMachines/jdk1.8.0_151.jdk/Contents/Home/jre/lib/resources.jar:/Library/Java/JavaVirtualMachines/jdk1.8.0_151.jdk/Contents/Home/jre/lib/rt.jar:/Library/Java/JavaVirtualMachines/jdk1.8.0_151.jdk/Contents/Home/jre/lib/jsse.jar:/Library/Java/JavaVirtualMachines/jdk1.8.0_151.jdk/Contents/Home/jre/lib/jce.jar:/Library/Java/JavaVirtualMachines/jdk1.8.0_151.jdk/Contents/Home/jre/lib/charsets.jar:/Library/Java/JavaVirtualMachines/jdk1.8.0_151.jdk/Contents/Home/jre/lib/jfr.jar:/Library/Java/JavaVirtualMachines/jdk1.8.0_151.jdk/Contents/Home/jre/lib/ext/sunec.jar:/Library/Java/JavaVirtualMachines/jdk1.8.0_151.jdk/Contents/Home/jre/lib/ext/nashorn.jar:/Library/Java/JavaVirtualMachines/jdk1.8.0_151.jdk/Contents/Home/jre/lib/ext/cldrdata.jar:/Library/Java/JavaVirtualMachines/jdk1.8.0_151.jdk/Contents/Home/jre/lib/ext/jfxrt.jar:/Library/Java/JavaVirtualMachines/jdk1.8.0_151.jdk/Contents/Home/jre/lib/ext/dnsns.jar:/Library/Java/JavaVirtualMachines/jdk1.8.0_151.jdk/Contents/Home/jre/lib/ext/localedata.jar:/Library/Java/JavaVirtualMachines/jdk1.8.0_151.jdk/Contents/Home/jre/lib/ext/sunjce_provider.jar:/Library/Java/JavaVirtualMachines/jdk1.8.0_151.jdk/Contents/Home/jre/lib/ext/sunpkcs11.jar:/Library/Java/JavaVirtualMachines/jdk1.8.0_151.jdk/Contents/Home/jre/lib/ext/jaccess.jar:/Library/Java/JavaVirtualMachines/jdk1.8.0_151.jdk/Contents/Home/jre/lib/ext/zipfs.jar:/System/Library/Java/Extensions/MRJToolkit.jar:/Users/sens_x/Downloads/Project/GitHub/Assignment2/MiniNet/bin:/Users/sens_x/Downloads/Project/GitHub/Assignment2/MiniNet/hsqldb.jar
Launcher Type: SUN_STANDARD

Environment Variables:
PATH=/usr/bin:/bin:/usr/sbin:/sbin
SHELL=/bin/bash

Signal Handlers:
SIGSEGV: [libjvm.dylib+0x5b27a5], sa_mask[0]=11111111011111110111111111111111, sa_flags=SA_ONSTACK|SA_RESTART|SA_SIGINFO
SIGBUS: [libjvm.dylib+0x5b27a5], sa_mask[0]=11111111011111110111111111111111, sa_flags=SA_RESTART|SA_SIGINFO
SIGFPE: [libjvm.dylib+0x4891c4], sa_mask[0]=11111111011111110111111111111111, sa_flags=SA_RESTART|SA_SIGINFO
SIGPIPE: [libjvm.dylib+0x4891c4], sa_mask[0]=11111111011111110111111111111111, sa_flags=SA_RESTART|SA_SIGINFO
SIGXFSZ: [libjvm.dylib+0x4891c4], sa_mask[0]=11111111011111110111111111111111, sa_flags=SA_RESTART|SA_SIGINFO
SIGILL: [libjvm.dylib+0x4891c4], sa_mask[0]=11111111011111110111111111111111, sa_flags=SA_RESTART|SA_SIGINFO
SIGUSR1: SIG_DFL, sa_mask[0]=00000000000000000000000000000000, sa_flags=none
SIGUSR2: [libjvm.dylib+0x488ce2], sa_mask[0]=00100000000000000000000000000000, sa_flags=SA_RESTART|SA_SIGINFO
SIGHUP: [libjvm.dylib+0x4872b9], sa_mask[0]=11111111011111110111111111111111, sa_flags=SA_RESTART|SA_SIGINFO
SIGINT: [libjvm.dylib+0x4872b9], sa_mask[0]=11111111011111110111111111111111, sa_flags=SA_RESTART|SA_SIGINFO
SIGTERM: [libjvm.dylib+0x4872b9], sa_mask[0]=11111111011111110111111111111111, sa_flags=SA_RESTART|SA_SIGINFO
SIGQUIT: [libjvm.dylib+0x4872b9], sa_mask[0]=11111111011111110111111111111111, sa_flags=SA_RESTART|SA_SIGINFO


---------------  S Y S T E M  ---------------

OS:Bsduname:Darwin 17.2.0 Darwin Kernel Version 17.2.0: Fri Sep 29 18:27:05 PDT 2017; root:xnu-4570.20.62~3/RELEASE_X86_64 x86_64
rlimit: STACK 8192k, CORE 0k, NPROC 1418, NOFILE 10240, AS infinity
load average:2.50 2.38 2.11

CPU:total 8 (initial active 8) (4 cores per cpu, 2 threads per core) family 6 model 158 stepping 9, cmov, cx8, fxsr, mmx, sse, sse2, sse3, ssse3, sse4.1, sse4.2, popcnt, avx, avx2, aes, clmul, erms, rtm, 3dnowpref, lzcnt, ht, tsc, tscinvbit, bmi1, bmi2, adx

Memory: 4k page, physical 16777216k(41488k free)

/proc/meminfo:


vm_info: Java HotSpot(TM) 64-Bit Server VM (25.151-b12) for bsd-amd64 JRE (1.8.0_151-b12), built on Sep  5 2017 19:37:08 by "java_re" with gcc 4.2.1 (Based on Apple Inc. build 5658) (LLVM build 2336.11.00)

time: Sun May 13 22:38:38 2018
elapsed time: 70 seconds (0d 0h 1m 10s)

