#
# A fatal error has been detected by the Java Runtime Environment:
#
#  SIGSEGV (0xb) at pc=0x00007fff529f4e9d, pid=23904, tid=0x0000000000000307
#
# JRE version: Java(TM) SE Runtime Environment (8.0_151-b12) (build 1.8.0_151-b12)
# Java VM: Java HotSpot(TM) 64-Bit Server VM (25.151-b12 mixed mode bsd-amd64 compressed oops)
# Problematic frame:
# C  [libobjc.A.dylib+0x6e9d]  objc_msgSend+0x1d
#
# Failed to write core dump. Core dumps have been disabled. To enable core dumping, try "ulimit -c unlimited" before starting Java again
#
# If you would like to submit a bug report, please visit:
#   http://bugreport.java.com/bugreport/crash.jsp
# The crash happened outside the Java Virtual Machine in native code.
# See problematic frame for where to report the bug.
#

---------------  T H R E A D  ---------------

Current thread (0x00007fc7648ed000):  JavaThread "JavaFX Application Thread" [_thread_in_native, id=775, stack(0x00007ffee7818000,0x00007ffee8018000)]

siginfo: si_signo: 11 (SIGSEGV), si_code: 1 (SEGV_MAPERR), si_addr: 0x0000000000000018

Registers:
RAX=0x00007fc76ca2a6e0, RBX=0x00007fc76ca2e6d0, RCX=0xb56b1e2e2bb70000, RDX=0x0000000000000000
RSP=0x00007ffee8012048, RBP=0x00007ffee8012100, RSI=0x00007fff2a3750a6, RDI=0x00007fc76ca2a6e0
R8 =0x00007fc76ca2a6e0, R9 =0x00007fc76ca2d230, R10=0x0000000000000000, R11=0x00007fff2a3750a6
R12=0x00007fff529f4e80, R13=0x00007fc766120840, R14=0x00007fc76c9697a0, R15=0x00007fc76b74b4c0
RIP=0x00007fff529f4e9d, EFLAGS=0x0000000000010246, ERR=0x0000000000000004
  TRAPNO=0x000000000000000e

Top of Stack: (sp=0x00007ffee8012048)
0x00007ffee8012048:   00007fff2b579730 00007fc76b74b4c0
0x00007ffee8012058:   0000000000000000 00007ffee8012090
0x00007ffee8012068:   00007fff503150bb 00007fc76b74b4c0
0x00007ffee8012078:   00007fc7646a10d0 0000000000000000
0x00007ffee8012088:   00007fff529f4e80 00007ffee80120e0
0x00007ffee8012098:   00007fff50358bb9 00007fc7646a10d0
0x00007ffee80120a8:   00007fc764637940 b56b1e2e2bb70000
0x00007ffee80120b8:   00007fc76b74b4c0 00007fc7646a10d0
0x00007ffee80120c8:   00007fc764637940 b56b1e2e2bb70000
0x00007ffee80120d8:   00007fc76b74bd40 00007fc7646a10d0
0x00007ffee80120e8:   00007fc764637940 00007fff529f4e80
0x00007ffee80120f8:   00007fff529f4e80 00007ffee8012120
0x00007ffee8012108:   00007fff5037a2ac 00007fc76b74b4c0
0x00007ffee8012118:   00007fc7646aa000 00007ffee8012170
0x00007ffee8012128:   00007fff503798ff 00007fc7646a10e0
0x00007ffee8012138:   00007fff529f9ed6 b56b1e2e2bb70000
0x00007ffee8012148:   00007fc764637940 00007fc7646a10d0
0x00007ffee8012158:   00007fc764637940 0000000000000000
0x00007ffee8012168:   00007fff529f4e80 00007ffee8012190
0x00007ffee8012178:   00007fff503a7d5d 00007fff2a29e4bb
0x00007ffee8012188:   00007fc764672340 00007ffee8012230
0x00007ffee8012198:   00007fff50319e3f 0000000107c05080
0x00007ffee80121a8:   00007fff2a29e795 00007fff2a29f0de
0x00007ffee80121b8:   00007fff2a29e396 00007fff2a2a997b
0x00007ffee80121c8:   00007fff2a29e1e1 00007fff2a29e224
0x00007ffee80121d8:   00007fff2a29e2b2 00007fff2a29ecca
0x00007ffee80121e8:   00007fff2a29e4bb 00007fff2a29e4d1
0x00007ffee80121f8:   00007fff2a29eb71 00007fff2a2b0bbc
0x00007ffee8012208:   00007fc764455830 00007fc766200040
0x00007ffee8012218:   00007fff8c1d4ff0 00007fc76cf30d60
0x00007ffee8012228:   00007fc76b758820 00007ffee8012240
0x00007ffee8012238:   00007fff2c01368c 00007ffee80122c0 

Instructions: (pc=0x00007fff529f4e9d)
0x00007fff529f4e7d:   0f 1f 00 48 85 ff 2e 74 62 40 f6 c7 01 2e 75 66
0x00007fff529f4e8d:   49 ba f8 ff ff ff ff 7f 00 00 4c 23 17 49 89 f3
0x00007fff529f4e9d:   45 23 5a 18 49 c1 e3 04 4d 03 5a 10 49 3b 33 75
0x00007fff529f4ead:   04 41 ff 63 08 49 83 3b 01 76 0d 49 83 c3 10 49 

Register to memory mapping:

RAX=0x00007fc76ca2a6e0 is an unknown value
RBX=0x00007fc76ca2e6d0 is an unknown value
RCX=0xb56b1e2e2bb70000 is an unknown value
RDX=0x0000000000000000 is an unknown value
RSP=0x00007ffee8012048 is pointing into the stack for thread: 0x00007fc7648ed000
RBP=0x00007ffee8012100 is pointing into the stack for thread: 0x00007fc7648ed000
RSI=0x00007fff2a3750a6: .str.41.llvm.FE30BCA4+0x110f55 in /System/Library/Frameworks/AppKit.framework/Versions/C/AppKit at 0x00007fff295d0000
RDI=0x00007fc76ca2a6e0 is an unknown value
R8 =0x00007fc76ca2a6e0 is an unknown value
R9 =0x00007fc76ca2d230 is an unknown value
R10=0x0000000000000000 is an unknown value
R11=0x00007fff2a3750a6: .str.41.llvm.FE30BCA4+0x110f55 in /System/Library/Frameworks/AppKit.framework/Versions/C/AppKit at 0x00007fff295d0000
R12=0x00007fff529f4e80: objc_msgSend+0 in /usr/lib/libobjc.A.dylib at 0x00007fff529ee000
R13=0x00007fc766120840 is an unknown value
R14=0x00007fc76c9697a0 is an unknown value
R15=0x00007fc76b74b4c0 is an unknown value


Stack: [0x00007ffee7818000,0x00007ffee8018000],  sp=0x00007ffee8012048,  free space=8168k
Native frames: (J=compiled Java code, j=interpreted, Vv=VM code, C=native code)
C  [libobjc.A.dylib+0x6e9d]  objc_msgSend+0x1d
C  [ViewBridge+0x692ac]  -[NSRemoteView _completeAdvanceToRunPhase:withError:]+0x12
C  [ViewBridge+0x688ff]  __38-[NSRemoteView _advanceToConfigPhase:]_block_invoke_2+0xec
C  [ViewBridge+0x96d5d]  __wrapBlockWithVoucher_block_invoke+0x25
C  [ViewBridge+0x8e3f]  __deferBlockOntoMainThread_block_invoke_2+0x205
C  [CoreFoundation+0xa368c]  __CFRUNLOOP_IS_CALLING_OUT_TO_A_BLOCK__+0xc
C  [CoreFoundation+0x860a3]  __CFRunLoopDoBlocks+0x113
C  [CoreFoundation+0x8572e]  __CFRunLoopRun+0x4fe
C  [CoreFoundation+0x84fa3]  CFRunLoopRunSpecific+0x1e3
C  [HIToolbox+0x265769]  -[IMKInputSessionXPCInvocation invocationAwaitXPCReply]+0x225
C  [HIToolbox+0x267c38]  -[IMKInputSession activate]+0xe18
C  [HIToolbox+0x21c610]  IMKInputSessionActivate+0x24
C  [HIToolbox+0x21b9b6]  ActivateInputMethodInstance+0x5d
C  [HIToolbox+0x20ed0d]  utActivateInputMethod+0x2d
C  [HIToolbox+0x20e9ec]  utOpenIM4Document+0xd8
C  [HIToolbox+0x20e72b]  utOpenActivateThisDocsInputMethod+0x91
C  [HIToolbox+0x41e6f]  MyActivateTSMDocument+0x63f
C  [AppKit+0x176173]  -[NSTextInputContext activate]+0x107
C  [AppKit+0xa56020]  +[NSTextInputContext currentInputContext_withFirstResponderSync:]+0x163
C  [AppKit+0x44084]  -[NSApplication updateWindows]+0x60
C  [AppKit+0x45c659]  __38-[NSApplication setWindowsNeedUpdate:]_block_invoke.2337+0x4c
C  [CoreFoundation+0xa3227]  __CFRUNLOOP_IS_CALLING_OUT_TO_AN_OBSERVER_CALLBACK_FUNCTION__+0x17
C  [CoreFoundation+0xa314f]  __CFRunLoopDoObservers+0x20f
C  [CoreFoundation+0x85708]  __CFRunLoopRun+0x4d8
C  [CoreFoundation+0x84fa3]  CFRunLoopRunSpecific+0x1e3
C  [HIToolbox+0x2f866]  RunCurrentEventLoopInMode+0x11e
C  [HIToolbox+0x2f4df]  ReceiveNextEventCommon+0x16e
C  [HIToolbox+0x2f354]  _BlockUntilNextEventMatchingListInModeWithFilter+0x40
C  [AppKit+0x41a23]  _DPSNextEvent+0x825
C  [AppKit+0x7d6e6c]  -[NSApplication(NSEvent) _nextEventMatchingEventMask:untilDate:inMode:dequeue:]+0xbe4
C  [AppKit+0x36831]  -[NSApplication run]+0x2fc
C  [libglass.dylib+0x64ac]  -[GlassApplication runLoop:]+0x72c
C  [Foundation+0x68985]  __NSThreadPerformPerform+0x14e
C  [CoreFoundation+0xa3821]  __CFRUNLOOP_IS_CALLING_OUT_TO_A_SOURCE0_PERFORM_FUNCTION__+0x11
C  [CoreFoundation+0x15d4cc]  __CFRunLoopDoSource0+0x6c
C  [CoreFoundation+0x862c0]  __CFRunLoopDoSources0+0xd0
C  [CoreFoundation+0x8573d]  __CFRunLoopRun+0x50d
C  [CoreFoundation+0x84fa3]  CFRunLoopRunSpecific+0x1e3
C  [java+0x6465]  CreateExecutionEnvironment+0x367
C  [java+0x218c]  JLI_Launch+0x7a0
C  [java+0x84c2]  main+0x65
C  [java+0x19e4]  start+0x34
C  0x0000000000000005


---------------  P R O C E S S  ---------------

Java Threads: ( => current thread )
  0x00007fc7669be000 JavaThread "HSQLDB Timer @44705dda" daemon [_thread_blocked, id=64003, stack(0x0000700003f2f000,0x000070000402f000)]
  0x00007fc765192000 JavaThread "HSQLDB Server @36cc0daf" [_thread_in_native, id=63531, stack(0x0000700003e2c000,0x0000700003f2c000)]
  0x00007fc7668e2800 JavaThread "Prism Font Disposer" daemon [_thread_blocked, id=63475, stack(0x0000700003d29000,0x0000700003e29000)]
  0x00007fc764941800 JavaThread "JavaFX-Launcher" [_thread_blocked, id=61443, stack(0x0000700003c26000,0x0000700003d26000)]
  0x00007fc76514f800 JavaThread "Thread-3" daemon [_thread_in_native, id=42243, stack(0x0000700003914000,0x0000700003994000)]
=>0x00007fc7648ed000 JavaThread "JavaFX Application Thread" [_thread_in_native, id=775, stack(0x00007ffee7818000,0x00007ffee8018000)]
  0x00007fc7648ea800 JavaThread "Thread-1" daemon [_thread_blocked, id=29443, stack(0x0000700003811000,0x0000700003911000)]
  0x00007fc766844000 JavaThread "QuantumRenderer-0" daemon [_thread_blocked, id=22019, stack(0x000070000370e000,0x000070000380e000)]
  0x00007fc76802c800 JavaThread "Service Thread" daemon [_thread_blocked, id=20995, stack(0x0000700003508000,0x0000700003608000)]
  0x00007fc768003800 JavaThread "C1 CompilerThread3" daemon [_thread_blocked, id=20483, stack(0x0000700003405000,0x0000700003505000)]
  0x00007fc767801800 JavaThread "C2 CompilerThread2" daemon [_thread_blocked, id=19971, stack(0x0000700003302000,0x0000700003402000)]
  0x00007fc764814000 JavaThread "C2 CompilerThread1" daemon [_thread_blocked, id=19459, stack(0x00007000031ff000,0x00007000032ff000)]
  0x00007fc76480d800 JavaThread "C2 CompilerThread0" daemon [_thread_blocked, id=18947, stack(0x00007000030fc000,0x00007000031fc000)]
  0x00007fc768801800 JavaThread "Signal Dispatcher" daemon [_thread_blocked, id=18443, stack(0x0000700002ff9000,0x00007000030f9000)]
  0x00007fc766829800 JavaThread "Finalizer" daemon [_thread_blocked, id=15107, stack(0x0000700002ef6000,0x0000700002ff6000)]
  0x00007fc766826800 JavaThread "Reference Handler" daemon [_thread_blocked, id=14595, stack(0x0000700002df3000,0x0000700002ef3000)]
  0x00007fc767006000 JavaThread "main" [_thread_blocked, id=6915, stack(0x00007000023d5000,0x00007000024d5000)]

Other Threads:
  0x00007fc764803800 VMThread [stack: 0x0000700002cf0000,0x0000700002df0000] [id=14083]
  0x00007fc76702b800 WatcherThread [stack: 0x000070000360b000,0x000070000370b000] [id=21507]

VM state:not at safepoint (normal execution)

VM Mutex/Monitor currently owned by a thread: None

Heap:
 PSYoungGen      total 76288K, used 9948K [0x000000076ab00000, 0x0000000770000000, 0x00000007c0000000)
  eden space 65536K, 15% used [0x000000076ab00000,0x000000076b4b7378,0x000000076eb00000)
  from space 10752K, 0% used [0x000000076eb00000,0x000000076eb00000,0x000000076f580000)
  to   space 10752K, 0% used [0x000000076f580000,0x000000076f580000,0x0000000770000000)
 ParOldGen       total 82432K, used 12821K [0x00000006c0000000, 0x00000006c5080000, 0x000000076ab00000)
  object space 82432K, 15% used [0x00000006c0000000,0x00000006c0c85748,0x00000006c5080000)
 Metaspace       used 20946K, capacity 21846K, committed 22144K, reserved 1069056K
  class space    used 2613K, capacity 2839K, committed 2944K, reserved 1048576K

Card table byte_map: [0x000000011937c000,0x0000000119b7d000] byte_map_base: 0x0000000115d7c000

Marking Bits: (ParMarkBitMap*) 0x00000001096f35d0
 Begin Bits: [0x000000011a0d3000, 0x000000011e0d3000)
 End Bits:   [0x000000011e0d3000, 0x00000001220d3000)

Polling page: 0x0000000107c6c000

CodeCache: size=245760Kb used=8655Kb max_used=8655Kb free=237104Kb
 bounds [0x000000010a37c000, 0x000000010abfc000, 0x000000011937c000]
 total_blobs=3501 nmethods=2762 adapters=652
 compilation: enabled

Compilation events (10 events):
Event: 12.713 Thread 0x00007fc768003800 2758       3       com.sun.javafx.font.FontStrikeDesc::<init> (73 bytes)
Event: 12.714 Thread 0x00007fc768003800 nmethod 2758 0x000000010abeec10 code [0x000000010abeedc0, 0x000000010abef3f8]
Event: 12.714 Thread 0x00007fc768003800 2760       3       com.sun.javafx.text.PrismTextLayout::setWrapWidth (106 bytes)
Event: 12.714 Thread 0x00007fc768003800 nmethod 2760 0x000000010abee190 code [0x000000010abee360, 0x000000010abeead8]
Event: 12.714 Thread 0x00007fc768003800 2763       3       com.sun.javafx.text.PrismTextLayout::isMirrored (81 bytes)
Event: 12.714 Thread 0x00007fc768003800 nmethod 2763 0x000000010abd7850 code [0x000000010abd79c0, 0x000000010abd7bf0]
Event: 12.714 Thread 0x00007fc768003800 2752       3       javafx.scene.text.Text::getTextAttribute (25 bytes)
Event: 12.714 Thread 0x00007fc768003800 nmethod 2752 0x000000010abedb50 code [0x000000010abedcc0, 0x000000010abee010]
Event: 12.714 Thread 0x00007fc768003800 2761       1       com.sun.javafx.text.TextLine::getStart (5 bytes)
Event: 12.714 Thread 0x00007fc768003800 nmethod 2761 0x000000010abd2bd0 code [0x000000010abd2d20, 0x000000010abd2e30]

GC Heap History (4 events):
Event: 5.701 GC heap before
{Heap before GC invocations=1 (full 0):
 PSYoungGen      total 76288K, used 64868K [0x000000076ab00000, 0x0000000770000000, 0x00000007c0000000)
  eden space 65536K, 98% used [0x000000076ab00000,0x000000076ea59100,0x000000076eb00000)
  from space 10752K, 0% used [0x000000076f580000,0x000000076f580000,0x0000000770000000)
  to   space 10752K, 0% used [0x000000076eb00000,0x000000076eb00000,0x000000076f580000)
 ParOldGen       total 175104K, used 0K [0x00000006c0000000, 0x00000006cab00000, 0x000000076ab00000)
  object space 175104K, 0% used [0x00000006c0000000,0x00000006c0000000,0x00000006cab00000)
 Metaspace       used 20341K, capacity 21208K, committed 21248K, reserved 1067008K
  class space    used 2592K, capacity 2802K, committed 2816K, reserved 1048576K
Event: 5.714 GC heap after
Heap after GC invocations=1 (full 0):
 PSYoungGen      total 76288K, used 10744K [0x000000076ab00000, 0x0000000770000000, 0x00000007c0000000)
  eden space 65536K, 0% used [0x000000076ab00000,0x000000076ab00000,0x000000076eb00000)
  from space 10752K, 99% used [0x000000076eb00000,0x000000076f57e090,0x000000076f580000)
  to   space 10752K, 0% used [0x000000076f580000,0x000000076f580000,0x0000000770000000)
 ParOldGen       total 175104K, used 3695K [0x00000006c0000000, 0x00000006cab00000, 0x000000076ab00000)
  object space 175104K, 2% used [0x00000006c0000000,0x00000006c039be88,0x00000006cab00000)
 Metaspace       used 20341K, capacity 21208K, committed 21248K, reserved 1067008K
  class space    used 2592K, capacity 2802K, committed 2816K, reserved 1048576K
}
Event: 5.714 GC heap before
{Heap before GC invocations=2 (full 1):
 PSYoungGen      total 76288K, used 10744K [0x000000076ab00000, 0x0000000770000000, 0x00000007c0000000)
  eden space 65536K, 0% used [0x000000076ab00000,0x000000076ab00000,0x000000076eb00000)
  from space 10752K, 99% used [0x000000076eb00000,0x000000076f57e090,0x000000076f580000)
  to   space 10752K, 0% used [0x000000076f580000,0x000000076f580000,0x0000000770000000)
 ParOldGen       total 175104K, used 3695K [0x00000006c0000000, 0x00000006cab00000, 0x000000076ab00000)
  object space 175104K, 2% used [0x00000006c0000000,0x00000006c039be88,0x00000006cab00000)
 Metaspace       used 20341K, capacity 21208K, committed 21248K, reserved 1067008K
  class space    used 2592K, capacity 2802K, committed 2816K, reserved 1048576K
Event: 5.745 GC heap after
Heap after GC invocations=2 (full 1):
 PSYoungGen      total 76288K, used 0K [0x000000076ab00000, 0x0000000770000000, 0x00000007c0000000)
  eden space 65536K, 0% used [0x000000076ab00000,0x000000076ab00000,0x000000076eb00000)
  from space 10752K, 0% used [0x000000076eb00000,0x000000076eb00000,0x000000076f580000)
  to   space 10752K, 0% used [0x000000076f580000,0x000000076f580000,0x0000000770000000)
 ParOldGen       total 82432K, used 12821K [0x00000006c0000000, 0x00000006c5080000, 0x000000076ab00000)
  object space 82432K, 15% used [0x00000006c0000000,0x00000006c0c85748,0x00000006c5080000)
 Metaspace       used 20341K, capacity 21208K, committed 21248K, reserved 1067008K
  class space    used 2592K, capacity 2802K, committed 2816K, reserved 1048576K
}

Deoptimization events (10 events):
Event: 1.416 Thread 0x00007fc7648ed000 Uncommon trap: reason=class_check action=maybe_recompile pc=0x000000010a691414 method=java.io.FilterInputStream.read()I @ 4
Event: 5.028 Thread 0x00007fc7648ed000 Uncommon trap: reason=unstable_if action=reinterpret pc=0x000000010a7fbabc method=jdk.internal.org.objectweb.asm.Type.getArgumentsAndReturnSizes(Ljava/lang/String;)I @ 47
Event: 5.748 Thread 0x00007fc766829800 Uncommon trap: reason=unstable_if action=reinterpret pc=0x000000010a939f3c method=java.lang.ref.ReferenceQueue.poll()Ljava/lang/ref/Reference; @ 4
Event: 10.090 Thread 0x00007fc7648ed000 Uncommon trap: reason=bimorphic action=maybe_recompile pc=0x000000010a9bc994 method=java.util.regex.Pattern$BmpCharProperty.match(Ljava/util/regex/Matcher;ILjava/lang/CharSequence;)Z @ 31
Event: 10.090 Thread 0x00007fc7648ed000 Uncommon trap: reason=bimorphic action=maybe_recompile pc=0x000000010a9bc994 method=java.util.regex.Pattern$BmpCharProperty.match(Ljava/util/regex/Matcher;ILjava/lang/CharSequence;)Z @ 31
Event: 11.417 Thread 0x00007fc7648ed000 Uncommon trap: reason=array_check action=maybe_recompile pc=0x000000010ab3d5a0 method=com.sun.javafx.css.SimpleSelector.applies(Ljavafx/css/Styleable;[Ljava/util/Set;I)Z @ 37
Event: 11.417 Thread 0x00007fc7648ed000 Uncommon trap: reason=array_check action=maybe_recompile pc=0x000000010ab3d5a0 method=com.sun.javafx.css.SimpleSelector.applies(Ljavafx/css/Styleable;[Ljava/util/Set;I)Z @ 37
Event: 11.420 Thread 0x00007fc7648ed000 Uncommon trap: reason=array_check action=maybe_recompile pc=0x000000010ab3d5a0 method=com.sun.javafx.css.SimpleSelector.applies(Ljavafx/css/Styleable;[Ljava/util/Set;I)Z @ 37
Event: 11.420 Thread 0x00007fc7648ed000 Uncommon trap: reason=array_check action=maybe_recompile pc=0x000000010ab3d5a0 method=com.sun.javafx.css.SimpleSelector.applies(Ljavafx/css/Styleable;[Ljava/util/Set;I)Z @ 37
Event: 11.433 Thread 0x00007fc7648ed000 Uncommon trap: reason=unstable_if action=reinterpret pc=0x000000010a5343c4 method=java.lang.String.startsWith(Ljava/lang/String;I)Z @ 25

Internal exceptions (10 events):
Event: 3.274 Thread 0x00007fc765192000 Exception <a 'java/net/SocketTimeoutException': Accept timed out> (0x000000076d591988) thrown at [/Users/java_re/workspace/8-2-build-macosx-x86_64/jdk8u151/9699/hotspot/src/share/vm/prims/jni.cpp, line 735]
Event: 4.278 Thread 0x00007fc765192000 Exception <a 'java/net/SocketTimeoutException': Accept timed out> (0x000000076d591d20) thrown at [/Users/java_re/workspace/8-2-build-macosx-x86_64/jdk8u151/9699/hotspot/src/share/vm/prims/jni.cpp, line 735]
Event: 5.281 Thread 0x00007fc765192000 Exception <a 'java/net/SocketTimeoutException': Accept timed out> (0x000000076d5920b8) thrown at [/Users/java_re/workspace/8-2-build-macosx-x86_64/jdk8u151/9699/hotspot/src/share/vm/prims/jni.cpp, line 735]
Event: 6.285 Thread 0x00007fc765192000 Exception <a 'java/net/SocketTimeoutException': Accept timed out> (0x000000076ad49680) thrown at [/Users/java_re/workspace/8-2-build-macosx-x86_64/jdk8u151/9699/hotspot/src/share/vm/prims/jni.cpp, line 735]
Event: 7.290 Thread 0x00007fc765192000 Exception <a 'java/net/SocketTimeoutException': Accept timed out> (0x000000076ad49a18) thrown at [/Users/java_re/workspace/8-2-build-macosx-x86_64/jdk8u151/9699/hotspot/src/share/vm/prims/jni.cpp, line 735]
Event: 8.294 Thread 0x00007fc765192000 Exception <a 'java/net/SocketTimeoutException': Accept timed out> (0x000000076ad49db0) thrown at [/Users/java_re/workspace/8-2-build-macosx-x86_64/jdk8u151/9699/hotspot/src/share/vm/prims/jni.cpp, line 735]
Event: 9.298 Thread 0x00007fc765192000 Exception <a 'java/net/SocketTimeoutException': Accept timed out> (0x000000076ad4a148) thrown at [/Users/java_re/workspace/8-2-build-macosx-x86_64/jdk8u151/9699/hotspot/src/share/vm/prims/jni.cpp, line 735]
Event: 10.302 Thread 0x00007fc765192000 Exception <a 'java/net/SocketTimeoutException': Accept timed out> (0x000000076ad4a4e0) thrown at [/Users/java_re/workspace/8-2-build-macosx-x86_64/jdk8u151/9699/hotspot/src/share/vm/prims/jni.cpp, line 735]
Event: 11.307 Thread 0x00007fc765192000 Exception <a 'java/net/SocketTimeoutException': Accept timed out> (0x000000076ad4a878) thrown at [/Users/java_re/workspace/8-2-build-macosx-x86_64/jdk8u151/9699/hotspot/src/share/vm/prims/jni.cpp, line 735]
Event: 12.310 Thread 0x00007fc765192000 Exception <a 'java/net/SocketTimeoutException': Accept timed out> (0x000000076ad4ac10) thrown at [/Users/java_re/workspace/8-2-build-macosx-x86_64/jdk8u151/9699/hotspot/src/share/vm/prims/jni.cpp, line 735]

Events (10 events):
Event: 11.420 Thread 0x00007fc7648ed000 DEOPT PACKING pc=0x000000010ab3d5a0 sp=0x00007ffee8011010
Event: 11.420 Thread 0x00007fc7648ed000 DEOPT UNPACKING pc=0x000000010a381229 sp=0x00007ffee8011000 mode 2
Event: 11.420 Thread 0x00007fc7648ed000 Uncommon trap: trap_request=0xffffffd6 fr.pc=0x000000010ab3d5a0
Event: 11.420 Thread 0x00007fc7648ed000 DEOPT PACKING pc=0x000000010ab3d5a0 sp=0x00007ffee8010ef0
Event: 11.420 Thread 0x00007fc7648ed000 DEOPT UNPACKING pc=0x000000010a381229 sp=0x00007ffee8010ee0 mode 2
Event: 11.433 Thread 0x00007fc7648ed000 Uncommon trap: trap_request=0xffffff65 fr.pc=0x000000010a5343c4
Event: 11.433 Thread 0x00007fc7648ed000 DEOPT PACKING pc=0x000000010a5343c4 sp=0x00007ffee8011250
Event: 11.433 Thread 0x00007fc7648ed000 DEOPT UNPACKING pc=0x000000010a381229 sp=0x00007ffee80111e8 mode 2
Event: 11.500 Executing VM operation: RevokeBias
Event: 11.500 Executing VM operation: RevokeBias done


Dynamic libraries:
0x000000000494f000 	/System/Library/Frameworks/Cocoa.framework/Versions/A/Cocoa
0x000000000494f000 	/System/Library/Frameworks/Security.framework/Versions/A/Security
0x000000000494f000 	/System/Library/Frameworks/ApplicationServices.framework/Versions/A/ApplicationServices
0x000000000494f000 	/usr/lib/libz.1.dylib
0x000000000494f000 	/usr/lib/libSystem.B.dylib
0x000000000494f000 	/usr/lib/libobjc.A.dylib
0x000000000494f000 	/System/Library/Frameworks/CoreFoundation.framework/Versions/A/CoreFoundation
0x000000000494f000 	/System/Library/Frameworks/Foundation.framework/Versions/C/Foundation
0x000000000494f000 	/System/Library/Frameworks/AppKit.framework/Versions/C/AppKit
0x000000000494f000 	/System/Library/Frameworks/CoreData.framework/Versions/A/CoreData
0x000000000494f000 	/System/Library/PrivateFrameworks/RemoteViewServices.framework/Versions/A/RemoteViewServices
0x000000000494f000 	/System/Library/PrivateFrameworks/UIFoundation.framework/Versions/A/UIFoundation
0x000000000494f000 	/System/Library/PrivateFrameworks/DFRFoundation.framework/Versions/A/DFRFoundation
0x000000000494f000 	/System/Library/Frameworks/Metal.framework/Versions/A/Metal
0x000000000494f000 	/System/Library/PrivateFrameworks/DesktopServicesPriv.framework/Versions/A/DesktopServicesPriv
0x000000000494f000 	/usr/lib/libenergytrace.dylib
0x000000000494f000 	/System/Library/PrivateFrameworks/SkyLight.framework/Versions/A/SkyLight
0x000000000494f000 	/System/Library/Frameworks/CoreGraphics.framework/Versions/A/CoreGraphics
0x000000000494f000 	/usr/lib/libScreenReader.dylib
0x000000000494f000 	/System/Library/Frameworks/Accelerate.framework/Versions/A/Accelerate
0x000000000494f000 	/System/Library/Frameworks/IOSurface.framework/Versions/A/IOSurface
0x000000000494f000 	/System/Library/Frameworks/AudioToolbox.framework/Versions/A/AudioToolbox
0x000000000494f000 	/System/Library/Frameworks/AudioUnit.framework/Versions/A/AudioUnit
0x000000000494f000 	/System/Library/PrivateFrameworks/DataDetectorsCore.framework/Versions/A/DataDetectorsCore
0x000000000494f000 	/System/Library/Frameworks/Carbon.framework/Versions/A/Frameworks/HIToolbox.framework/Versions/A/HIToolbox
0x000000000494f000 	/usr/lib/libicucore.A.dylib
0x000000000494f000 	/System/Library/Frameworks/QuartzCore.framework/Versions/A/QuartzCore
0x000000000494f000 	/System/Library/Frameworks/Carbon.framework/Versions/A/Frameworks/SpeechRecognition.framework/Versions/A/SpeechRecognition
0x000000000494f000 	/usr/lib/libauto.dylib
0x000000000494f000 	/usr/lib/libxml2.2.dylib
0x000000000494f000 	/System/Library/PrivateFrameworks/CoreUI.framework/Versions/A/CoreUI
0x000000000494f000 	/System/Library/Frameworks/CoreAudio.framework/Versions/A/CoreAudio
0x000000000494f000 	/System/Library/Frameworks/DiskArbitration.framework/Versions/A/DiskArbitration
0x000000000494f000 	/usr/lib/liblangid.dylib
0x000000000494f000 	/System/Library/PrivateFrameworks/MultitouchSupport.framework/Versions/A/MultitouchSupport
0x000000000494f000 	/System/Library/Frameworks/IOKit.framework/Versions/A/IOKit
0x000000000494f000 	/usr/lib/libDiagnosticMessagesClient.dylib
0x000000000494f000 	/System/Library/Frameworks/CoreServices.framework/Versions/A/CoreServices
0x000000000494f000 	/System/Library/PrivateFrameworks/PerformanceAnalysis.framework/Versions/A/PerformanceAnalysis
0x000000000494f000 	/System/Library/Frameworks/OpenGL.framework/Versions/A/OpenGL
0x000000000494f000 	/System/Library/Frameworks/ColorSync.framework/Versions/A/ColorSync
0x000000000494f000 	/System/Library/Frameworks/CoreImage.framework/Versions/A/CoreImage
0x000000000494f000 	/System/Library/Frameworks/CoreText.framework/Versions/A/CoreText
0x000000000494f000 	/System/Library/Frameworks/ImageIO.framework/Versions/A/ImageIO
0x000000000494f000 	/System/Library/PrivateFrameworks/Backup.framework/Versions/A/Backup
0x000000000494f000 	/usr/lib/libarchive.2.dylib
0x000000000494f000 	/System/Library/Frameworks/CFNetwork.framework/Versions/A/CFNetwork
0x000000000494f000 	/System/Library/Frameworks/SystemConfiguration.framework/Versions/A/SystemConfiguration
0x000000000494f000 	/usr/lib/libCRFSuite.dylib
0x000000000494f000 	/usr/lib/libc++.1.dylib
0x000000000494f000 	/usr/lib/libc++abi.dylib
0x000000000494f000 	/usr/lib/system/libcache.dylib
0x000000000494f000 	/usr/lib/system/libcommonCrypto.dylib
0x000000000494f000 	/usr/lib/system/libcompiler_rt.dylib
0x000000000494f000 	/usr/lib/system/libcopyfile.dylib
0x000000000494f000 	/usr/lib/system/libcorecrypto.dylib
0x000000000494f000 	/usr/lib/system/libdispatch.dylib
0x000000000494f000 	/usr/lib/system/libdyld.dylib
0x000000000494f000 	/usr/lib/system/libkeymgr.dylib
0x000000000494f000 	/usr/lib/system/liblaunch.dylib
0x000000000494f000 	/usr/lib/system/libmacho.dylib
0x000000000494f000 	/usr/lib/system/libquarantine.dylib
0x000000000494f000 	/usr/lib/system/libremovefile.dylib
0x000000000494f000 	/usr/lib/system/libsystem_asl.dylib
0x000000000494f000 	/usr/lib/system/libsystem_blocks.dylib
0x000000000494f000 	/usr/lib/system/libsystem_c.dylib
0x000000000494f000 	/usr/lib/system/libsystem_configuration.dylib
0x000000000494f000 	/usr/lib/system/libsystem_coreservices.dylib
0x000000000494f000 	/usr/lib/system/libsystem_darwin.dylib
0x000000000494f000 	/usr/lib/system/libsystem_dnssd.dylib
0x000000000494f000 	/usr/lib/system/libsystem_info.dylib
0x000000000494f000 	/usr/lib/system/libsystem_m.dylib
0x000000000494f000 	/usr/lib/system/libsystem_malloc.dylib
0x000000000494f000 	/usr/lib/system/libsystem_network.dylib
0x000000000494f000 	/usr/lib/system/libsystem_networkextension.dylib
0x000000000494f000 	/usr/lib/system/libsystem_notify.dylib
0x000000000494f000 	/usr/lib/system/libsystem_sandbox.dylib
0x000000000494f000 	/usr/lib/system/libsystem_secinit.dylib
0x000000000494f000 	/usr/lib/system/libsystem_kernel.dylib
0x000000000494f000 	/usr/lib/system/libsystem_platform.dylib
0x000000000494f000 	/usr/lib/system/libsystem_pthread.dylib
0x000000000494f000 	/usr/lib/system/libsystem_symptoms.dylib
0x000000000494f000 	/usr/lib/system/libsystem_trace.dylib
0x000000000494f000 	/usr/lib/system/libunwind.dylib
0x000000000494f000 	/usr/lib/system/libxpc.dylib
0x000000000494f000 	/usr/lib/closure/libclosured.dylib
0x000000000494f000 	/usr/lib/libbsm.0.dylib
0x000000000494f000 	/usr/lib/system/libkxld.dylib
0x000000000494f000 	/usr/lib/libOpenScriptingUtil.dylib
0x000000000494f000 	/usr/lib/libcoretls.dylib
0x000000000494f000 	/usr/lib/libcoretls_cfhelpers.dylib
0x000000000494f000 	/usr/lib/libpam.2.dylib
0x000000000494f000 	/usr/lib/libsqlite3.dylib
0x000000000494f000 	/usr/lib/libxar.1.dylib
0x000000000494f000 	/usr/lib/libbz2.1.0.dylib
0x000000000494f000 	/usr/lib/liblzma.5.dylib
0x000000000494f000 	/usr/lib/libnetwork.dylib
0x000000000494f000 	/usr/lib/libapple_nghttp2.dylib
0x000000000494f000 	/usr/lib/libpcap.A.dylib
0x000000000494f000 	/usr/lib/libboringssl.dylib
0x000000000494f000 	/usr/lib/libusrtcp.dylib
0x000000000494f000 	/usr/lib/libapple_crypto.dylib
0x000000000494f000 	/System/Library/Frameworks/CoreServices.framework/Versions/A/Frameworks/FSEvents.framework/Versions/A/FSEvents
0x000000000494f000 	/System/Library/Frameworks/CoreServices.framework/Versions/A/Frameworks/CarbonCore.framework/Versions/A/CarbonCore
0x000000000494f000 	/System/Library/Frameworks/CoreServices.framework/Versions/A/Frameworks/Metadata.framework/Versions/A/Metadata
0x000000000494f000 	/System/Library/Frameworks/CoreServices.framework/Versions/A/Frameworks/OSServices.framework/Versions/A/OSServices
0x000000000494f000 	/System/Library/Frameworks/CoreServices.framework/Versions/A/Frameworks/SearchKit.framework/Versions/A/SearchKit
0x000000000494f000 	/System/Library/Frameworks/CoreServices.framework/Versions/A/Frameworks/AE.framework/Versions/A/AE
0x000000000494f000 	/System/Library/Frameworks/CoreServices.framework/Versions/A/Frameworks/LaunchServices.framework/Versions/A/LaunchServices
0x000000000494f000 	/System/Library/Frameworks/CoreServices.framework/Versions/A/Frameworks/DictionaryServices.framework/Versions/A/DictionaryServices
0x000000000494f000 	/System/Library/Frameworks/CoreServices.framework/Versions/A/Frameworks/SharedFileList.framework/Versions/A/SharedFileList
0x000000000494f000 	/System/Library/Frameworks/NetFS.framework/Versions/A/NetFS
0x000000000494f000 	/System/Library/PrivateFrameworks/NetAuth.framework/Versions/A/NetAuth
0x000000000494f000 	/System/Library/PrivateFrameworks/login.framework/Versions/A/Frameworks/loginsupport.framework/Versions/A/loginsupport
0x000000000494f000 	/System/Library/PrivateFrameworks/TCC.framework/Versions/A/TCC
0x000000000494f000 	/usr/lib/libmecabra.dylib
0x000000000494f000 	/System/Library/Frameworks/ApplicationServices.framework/Versions/A/Frameworks/ATS.framework/Versions/A/ATS
0x000000000494f000 	/System/Library/Frameworks/ApplicationServices.framework/Versions/A/Frameworks/ColorSyncLegacy.framework/Versions/A/ColorSyncLegacy
0x000000000494f000 	/System/Library/Frameworks/ApplicationServices.framework/Versions/A/Frameworks/HIServices.framework/Versions/A/HIServices
0x000000000494f000 	/System/Library/Frameworks/ApplicationServices.framework/Versions/A/Frameworks/LangAnalysis.framework/Versions/A/LangAnalysis
0x000000000494f000 	/System/Library/Frameworks/ApplicationServices.framework/Versions/A/Frameworks/PrintCore.framework/Versions/A/PrintCore
0x000000000494f000 	/System/Library/Frameworks/ApplicationServices.framework/Versions/A/Frameworks/QD.framework/Versions/A/QD
0x000000000494f000 	/System/Library/Frameworks/ApplicationServices.framework/Versions/A/Frameworks/SpeechSynthesis.framework/Versions/A/SpeechSynthesis
0x000000000494f000 	/System/Library/Frameworks/CoreDisplay.framework/Versions/A/CoreDisplay
0x000000000494f000 	/System/Library/Frameworks/Accelerate.framework/Versions/A/Frameworks/vImage.framework/Versions/A/vImage
0x000000000494f000 	/System/Library/Frameworks/Accelerate.framework/Versions/A/Frameworks/vecLib.framework/Versions/A/vecLib
0x000000000494f000 	/System/Library/Frameworks/Accelerate.framework/Versions/A/Frameworks/vecLib.framework/Versions/A/libvDSP.dylib
0x000000000494f000 	/System/Library/Frameworks/Accelerate.framework/Versions/A/Frameworks/vecLib.framework/Versions/A/libBNNS.dylib
0x000000000494f000 	/System/Library/Frameworks/Accelerate.framework/Versions/A/Frameworks/vecLib.framework/Versions/A/libQuadrature.dylib
0x000000000494f000 	/System/Library/Frameworks/Accelerate.framework/Versions/A/Frameworks/vecLib.framework/Versions/A/libvMisc.dylib
0x000000000494f000 	/System/Library/Frameworks/Accelerate.framework/Versions/A/Frameworks/vecLib.framework/Versions/A/libLAPACK.dylib
0x000000000494f000 	/System/Library/Frameworks/Accelerate.framework/Versions/A/Frameworks/vecLib.framework/Versions/A/libBLAS.dylib
0x000000000494f000 	/System/Library/Frameworks/Accelerate.framework/Versions/A/Frameworks/vecLib.framework/Versions/A/libLinearAlgebra.dylib
0x000000000494f000 	/System/Library/Frameworks/Accelerate.framework/Versions/A/Frameworks/vecLib.framework/Versions/A/libSparse.dylib
0x000000000494f000 	/System/Library/Frameworks/Accelerate.framework/Versions/A/Frameworks/vecLib.framework/Versions/A/libSparseBLAS.dylib
0x000000000494f000 	/System/Library/PrivateFrameworks/IOAccelerator.framework/Versions/A/IOAccelerator
0x000000000494f000 	/System/Library/PrivateFrameworks/IOPresentment.framework/Versions/A/IOPresentment
0x000000000494f000 	/System/Library/PrivateFrameworks/DSExternalDisplay.framework/Versions/A/DSExternalDisplay
0x000000000494f000 	/System/Library/Frameworks/OpenGL.framework/Versions/A/Libraries/libCoreFSCache.dylib
0x000000000494f000 	/System/Library/Frameworks/CoreVideo.framework/Versions/A/CoreVideo
0x000000000494f000 	/System/Library/PrivateFrameworks/GraphVisualizer.framework/Versions/A/GraphVisualizer
0x000000000494f000 	/System/Library/Frameworks/MetalPerformanceShaders.framework/Versions/A/MetalPerformanceShaders
0x000000000494f000 	/usr/lib/libFosl_dynamic.dylib
0x000000000494f000 	/System/Library/PrivateFrameworks/FaceCore.framework/Versions/A/FaceCore
0x000000000494f000 	/System/Library/Frameworks/OpenCL.framework/Versions/A/OpenCL
0x000000000494f000 	/usr/lib/libcompression.dylib
0x000000000494f000 	/System/Library/Frameworks/ApplicationServices.framework/Versions/A/Frameworks/ATS.framework/Versions/A/Resources/libFontParser.dylib
0x000000000494f000 	/System/Library/Frameworks/ApplicationServices.framework/Versions/A/Frameworks/ATS.framework/Versions/A/Resources/libFontRegistry.dylib
0x000000000494f000 	/System/Library/Frameworks/ImageIO.framework/Versions/A/Resources/libJPEG.dylib
0x000000000494f000 	/System/Library/Frameworks/ImageIO.framework/Versions/A/Resources/libTIFF.dylib
0x000000000494f000 	/System/Library/Frameworks/ImageIO.framework/Versions/A/Resources/libPng.dylib
0x000000000494f000 	/System/Library/Frameworks/ImageIO.framework/Versions/A/Resources/libGIF.dylib
0x000000000494f000 	/System/Library/Frameworks/ImageIO.framework/Versions/A/Resources/libJP2.dylib
0x000000000494f000 	/System/Library/Frameworks/ImageIO.framework/Versions/A/Resources/libRadiance.dylib
0x000000000494f000 	/System/Library/PrivateFrameworks/AppleJPEG.framework/Versions/A/AppleJPEG
0x000000000494f000 	/System/Library/PrivateFrameworks/MetalTools.framework/Versions/A/MetalTools
0x000000000494f000 	/System/Library/Frameworks/MetalPerformanceShaders.framework/Frameworks/MPSCore.framework/Versions/A/MPSCore
0x000000000494f000 	/System/Library/Frameworks/MetalPerformanceShaders.framework/Frameworks/MPSImage.framework/Versions/A/MPSImage
0x000000000494f000 	/System/Library/Frameworks/MetalPerformanceShaders.framework/Frameworks/MPSMatrix.framework/Versions/A/MPSMatrix
0x000000000494f000 	/System/Library/Frameworks/MetalPerformanceShaders.framework/Frameworks/MPSNeuralNetwork.framework/Versions/A/MPSNeuralNetwork
0x000000000494f000 	/System/Library/Frameworks/OpenGL.framework/Versions/A/Libraries/libGLU.dylib
0x000000000494f000 	/System/Library/Frameworks/OpenGL.framework/Versions/A/Libraries/libGFXShared.dylib
0x000000000494f000 	/System/Library/Frameworks/OpenGL.framework/Versions/A/Libraries/libGL.dylib
0x000000000494f000 	/System/Library/Frameworks/OpenGL.framework/Versions/A/Libraries/libGLImage.dylib
0x000000000494f000 	/System/Library/Frameworks/OpenGL.framework/Versions/A/Libraries/libCVMSPluginSupport.dylib
0x000000000494f000 	/System/Library/Frameworks/OpenGL.framework/Versions/A/Libraries/libCoreVMClient.dylib
0x000000000494f000 	/usr/lib/libcups.2.dylib
0x000000000494f000 	/System/Library/Frameworks/Kerberos.framework/Versions/A/Kerberos
0x000000000494f000 	/System/Library/Frameworks/GSS.framework/Versions/A/GSS
0x000000000494f000 	/usr/lib/libresolv.9.dylib
0x000000000494f000 	/usr/lib/libiconv.2.dylib
0x000000000494f000 	/System/Library/PrivateFrameworks/Heimdal.framework/Versions/A/Heimdal
0x000000000494f000 	/usr/lib/libheimdal-asn1.dylib
0x000000000494f000 	/System/Library/Frameworks/OpenDirectory.framework/Versions/A/OpenDirectory
0x000000000494f000 	/System/Library/PrivateFrameworks/CommonAuth.framework/Versions/A/CommonAuth
0x000000000494f000 	/System/Library/Frameworks/OpenDirectory.framework/Versions/A/Frameworks/CFOpenDirectory.framework/Versions/A/CFOpenDirectory
0x000000000494f000 	/System/Library/Frameworks/SecurityFoundation.framework/Versions/A/SecurityFoundation
0x000000000494f000 	/System/Library/PrivateFrameworks/APFS.framework/Versions/A/APFS
0x000000000494f000 	/usr/lib/libutil.dylib
0x000000000494f000 	/System/Library/PrivateFrameworks/AppleSauce.framework/Versions/A/AppleSauce
0x000000000494f000 	/System/Library/PrivateFrameworks/LinguisticData.framework/Versions/A/LinguisticData
0x000000000494f000 	/usr/lib/libmarisa.dylib
0x000000000494f000 	/System/Library/PrivateFrameworks/Lexicon.framework/Versions/A/Lexicon
0x000000000494f000 	/usr/lib/libChineseTokenizer.dylib
0x000000000494f000 	/usr/lib/libcmph.dylib
0x000000000494f000 	/System/Library/PrivateFrameworks/LanguageModeling.framework/Versions/A/LanguageModeling
0x000000000494f000 	/System/Library/PrivateFrameworks/CoreEmoji.framework/Versions/A/CoreEmoji
0x000000000494f000 	/System/Library/Frameworks/ServiceManagement.framework/Versions/A/ServiceManagement
0x000000000494f000 	/System/Library/PrivateFrameworks/BackgroundTaskManagement.framework/Versions/A/BackgroundTaskManagement
0x000000000494f000 	/usr/lib/libxslt.1.dylib
0x000000000494f000 	/System/Library/Frameworks/Carbon.framework/Versions/A/Frameworks/Ink.framework/Versions/A/Ink
0x000000000494f000 	/System/Library/PrivateFrameworks/TextureIO.framework/Versions/A/TextureIO
0x000000000494f000 	/usr/lib/libate.dylib
0x000000000494f000 	/System/Library/PrivateFrameworks/CrashReporterSupport.framework/Versions/A/CrashReporterSupport
0x000000000494f000 	/System/Library/PrivateFrameworks/Sharing.framework/Versions/A/Sharing
0x000000000494f000 	/System/Library/PrivateFrameworks/IconServices.framework/Versions/A/IconServices
0x000000000494f000 	/System/Library/PrivateFrameworks/ProtocolBuffer.framework/Versions/A/ProtocolBuffer
0x000000000494f000 	/System/Library/PrivateFrameworks/Apple80211.framework/Versions/A/Apple80211
0x000000000494f000 	/System/Library/Frameworks/CoreWLAN.framework/Versions/A/CoreWLAN
0x000000000494f000 	/System/Library/PrivateFrameworks/CoreUtils.framework/Versions/A/CoreUtils
0x000000000494f000 	/System/Library/Frameworks/IOBluetooth.framework/Versions/A/IOBluetooth
0x000000000494f000 	/System/Library/PrivateFrameworks/CoreWiFi.framework/Versions/A/CoreWiFi
0x000000000494f000 	/System/Library/Frameworks/CoreBluetooth.framework/Versions/A/CoreBluetooth
0x000000000494f000 	/System/Library/PrivateFrameworks/SignpostNotification.framework/Versions/A/SignpostNotification
0x000000000494f000 	/System/Library/PrivateFrameworks/DebugSymbols.framework/Versions/A/DebugSymbols
0x000000000494f000 	/System/Library/PrivateFrameworks/CoreSymbolication.framework/Versions/A/CoreSymbolication
0x000000000494f000 	/System/Library/PrivateFrameworks/Symbolication.framework/Versions/A/Symbolication
0x000000000494f000 	/System/Library/PrivateFrameworks/AppleFSCompression.framework/Versions/A/AppleFSCompression
0x000000000494f000 	/System/Library/PrivateFrameworks/SpeechRecognitionCore.framework/Versions/A/SpeechRecognitionCore
0x000000000494f000 	/System/Library/CoreServices/Encodings/libSimplifiedChineseConverter.dylib
0x0000000108e00000 	/Library/Java/JavaVirtualMachines/jdk1.8.0_151.jdk/Contents/Home/jre/lib/server/libjvm.dylib
0x000000000494f000 	/usr/lib/libstdc++.6.0.9.dylib
0x0000000107c29000 	/Library/Java/JavaVirtualMachines/jdk1.8.0_151.jdk/Contents/Home/jre/lib/libverify.dylib
0x0000000107c37000 	/Library/Java/JavaVirtualMachines/jdk1.8.0_151.jdk/Contents/Home/jre/lib/libjava.dylib
0x0000000107cb6000 	/Library/Java/JavaVirtualMachines/jdk1.8.0_151.jdk/Contents/Home/jre/lib/libzip.dylib
0x000000000494f000 	/System/Library/Frameworks/JavaVM.framework/Versions/A/Frameworks/JavaRuntimeSupport.framework/Versions/A/JavaRuntimeSupport
0x000000000494f000 	/System/Library/Frameworks/JavaVM.framework/Versions/A/Frameworks/JavaNativeFoundation.framework/Versions/A/JavaNativeFoundation
0x000000000494f000 	/System/Library/Frameworks/JavaVM.framework/Versions/A/JavaVM
0x000000000494f000 	/System/Library/Frameworks/Carbon.framework/Versions/A/Carbon
0x000000000494f000 	/System/Library/PrivateFrameworks/JavaLaunching.framework/Versions/A/JavaLaunching
0x000000000494f000 	/System/Library/Frameworks/Carbon.framework/Versions/A/Frameworks/CommonPanels.framework/Versions/A/CommonPanels
0x000000000494f000 	/System/Library/Frameworks/Carbon.framework/Versions/A/Frameworks/Help.framework/Versions/A/Help
0x000000000494f000 	/System/Library/Frameworks/Carbon.framework/Versions/A/Frameworks/ImageCapture.framework/Versions/A/ImageCapture
0x000000000494f000 	/System/Library/Frameworks/Carbon.framework/Versions/A/Frameworks/OpenScripting.framework/Versions/A/OpenScripting
0x000000000494f000 	/System/Library/Frameworks/Carbon.framework/Versions/A/Frameworks/Print.framework/Versions/A/Print
0x000000000494f000 	/System/Library/Frameworks/Carbon.framework/Versions/A/Frameworks/SecurityHI.framework/Versions/A/SecurityHI
0x000000012683f000 	/Library/Java/JavaVirtualMachines/jdk1.8.0_151.jdk/Contents/Home/jre/lib/libprism_es2.dylib
0x000000000494f000 	/System/Library/PrivateFrameworks/CoreServicesInternal.framework/Versions/A/CoreServicesInternal
0x000000000494f000 	/System/Library/Frameworks/OpenGL.framework/Versions/A/Resources/GLEngine.bundle/GLEngine
0x000000000494f000 	/System/Library/Frameworks/OpenGL.framework/Versions/A/Libraries/libGLProgrammability.dylib
0x0000000126ae8000 	/System/Library/Extensions/AppleIntelKBLGraphicsGLDriver.bundle/Contents/MacOS/AppleIntelKBLGraphicsGLDriver
0x000000000494f000 	/System/Library/PrivateFrameworks/GPUSupport.framework/Versions/A/Libraries/libGPUSupportMercury.dylib
0x0000000127b17000 	/System/Library/Extensions/AMDRadeonX4000GLDriver.bundle/Contents/MacOS/AMDRadeonX4000GLDriver
0x000000000494f000 	/System/Library/Extensions/AMDRadeonX4000GLDriver.bundle/Contents/MacOS/ATIRadeonX4000SCLib.dylib
0x000000000494f000 	/System/Library/Frameworks/OpenGL.framework/Versions/A/Resources/GLRendererFloat.bundle/GLRendererFloat
0x000000000494f000 	/System/Library/Frameworks/OpenCL.framework/Versions/A/Libraries/libcldcpuengine.dylib
0x000000000494f000 	/usr/lib/libcrypto.35.dylib
0x000000000494f000 	/System/Library/PrivateFrameworks/TrustEvaluationAgent.framework/Versions/A/TrustEvaluationAgent
0x0000000127c82000 	/Library/Java/JavaVirtualMachines/jdk1.8.0_151.jdk/Contents/Home/jre/lib/libglass.dylib
0x000000000494f000 	/System/Library/CoreServices/RawCamera.bundle/Contents/MacOS/RawCamera
0x000000000494f000 	/System/Library/PrivateFrameworks/MobileAsset.framework/Versions/A/MobileAsset
0x000000000494f000 	/System/Library/PrivateFrameworks/StreamingZip.framework/Versions/A/StreamingZip
0x000000000494f000 	/System/Library/Frameworks/MediaToolbox.framework/Versions/A/MediaToolbox
0x000000000494f000 	/System/Library/PrivateFrameworks/CoreAVCHD.framework/Versions/A/CoreAVCHD
0x000000000494f000 	/System/Library/Frameworks/MediaAccessibility.framework/Versions/A/MediaAccessibility
0x000000000494f000 	/System/Library/PrivateFrameworks/Mangrove.framework/Versions/A/Mangrove
0x000000000494f000 	/System/Library/Frameworks/CoreMedia.framework/Versions/A/CoreMedia
0x000000000494f000 	/System/Library/Frameworks/VideoToolbox.framework/Versions/A/VideoToolbox
0x000000000494f000 	/System/Library/PrivateFrameworks/CoreAUC.framework/Versions/A/CoreAUC
0x000000000494f000 	/usr/lib/libspindump.dylib
0x000000000494f000 	/usr/lib/libdscsym.dylib
0x000000000494f000 	/System/Library/PrivateFrameworks/AppleVA.framework/Versions/A/AppleVA
0x000000000494f000 	/System/Library/Frameworks/Accelerate.framework/Versions/A/Frameworks/vImage.framework/Versions/A/Libraries/libCGInterfaces.dylib
0x000000000494f000 	/System/Library/PrivateFrameworks/FamilyControls.framework/Versions/A/FamilyControls
0x000000000494f000 	/System/Library/PrivateFrameworks/CommerceKit.framework/Versions/A/Frameworks/CommerceCore.framework/Versions/A/CommerceCore
0x000000000494f000 	/System/Library/PrivateFrameworks/SystemAdministration.framework/Versions/A/SystemAdministration
0x000000000494f000 	/System/Library/PrivateFrameworks/AppContainer.framework/Versions/A/AppContainer
0x000000000494f000 	/System/Library/PrivateFrameworks/SecCodeWrapper.framework/Versions/A/SecCodeWrapper
0x000000000494f000 	/System/Library/PrivateFrameworks/DiskManagement.framework/Versions/A/DiskManagement
0x000000000494f000 	/System/Library/Frameworks/DirectoryService.framework/Versions/A/DirectoryService
0x000000000494f000 	/System/Library/PrivateFrameworks/DiskImages.framework/Versions/A/DiskImages
0x000000000494f000 	/System/Library/PrivateFrameworks/LoginUIKit.framework/Versions/A/Frameworks/LoginUICore.framework/Versions/A/LoginUICore
0x000000000494f000 	/usr/lib/libCoreStorage.dylib
0x000000000494f000 	/usr/lib/libcsfde.dylib
0x000000000494f000 	/usr/lib/libodfde.dylib
0x000000000494f000 	/System/Library/PrivateFrameworks/MediaKit.framework/Versions/A/MediaKit
0x000000000494f000 	/System/Library/Frameworks/DiscRecording.framework/Versions/A/DiscRecording
0x000000000494f000 	/System/Library/PrivateFrameworks/EFILogin.framework/Versions/A/EFILogin
0x000000000494f000 	/System/Library/PrivateFrameworks/ProtectedCloudStorage.framework/Versions/A/ProtectedCloudStorage
0x000000000494f000 	/usr/lib/libcurl.4.dylib
0x000000000494f000 	/usr/lib/libssl.35.dylib
0x000000000494f000 	/System/Library/Frameworks/LDAP.framework/Versions/A/LDAP
0x000000000494f000 	/usr/lib/libsasl2.2.dylib
0x000000000494f000 	/System/Library/PrivateFrameworks/CoreDaemon.framework/Versions/B/CoreDaemon
0x000000000494f000 	/System/Library/PrivateFrameworks/AppleSRP.framework/Versions/A/AppleSRP
0x000000012a444000 	/Library/Java/JavaVirtualMachines/jdk1.8.0_151.jdk/Contents/Home/jre/lib/libjavafx_font.dylib
0x000000000494f000 	/System/Library/Frameworks/ApplicationServices.framework/Versions/A/Frameworks/ATS.framework/Versions/A/Resources/libTrueTypeScaler.dylib
0x000000012bbc1000 	/Library/Java/JavaVirtualMachines/jdk1.8.0_151.jdk/Contents/Home/jre/lib/libnet.dylib
0x000000000494f000 	/System/Library/Extensions/AppleIntelKBLGraphicsMTLDriver.bundle/Contents/MacOS/AppleIntelKBLGraphicsMTLDriver
0x000000012e3b7000 	/System/Library/Extensions/AMDMTLBronzeDriver.bundle/Contents/MacOS/AMDMTLBronzeDriver
0x000000000494f000 	/System/Library/PrivateFrameworks/IOAccelMemoryInfo.framework/Versions/A/IOAccelMemoryInfo
0x000000000494f000 	/System/Library/PrivateFrameworks/GPUCompiler.framework/Versions/3802/Libraries/libmetal_timestamp.dylib
0x0000000128e2c000 	/Library/Java/JavaVirtualMachines/jdk1.8.0_151.jdk/Contents/Home/jre/lib/libprism_common.dylib
0x000000000494f000 	/System/Library/PrivateFrameworks/ViewBridge.framework/Versions/A/ViewBridge

VM Arguments:
jvm_args: -Dfile.encoding=UTF-8 
java_command: MiniNet
java_class_path (initial): /Library/Java/JavaVirtualMachines/jdk1.8.0_151.jdk/Contents/Home/jre/lib/resources.jar:/Library/Java/JavaVirtualMachines/jdk1.8.0_151.jdk/Contents/Home/jre/lib/rt.jar:/Library/Java/JavaVirtualMachines/jdk1.8.0_151.jdk/Contents/Home/jre/lib/jsse.jar:/Library/Java/JavaVirtualMachines/jdk1.8.0_151.jdk/Contents/Home/jre/lib/jce.jar:/Library/Java/JavaVirtualMachines/jdk1.8.0_151.jdk/Contents/Home/jre/lib/charsets.jar:/Library/Java/JavaVirtualMachines/jdk1.8.0_151.jdk/Contents/Home/jre/lib/jfr.jar:/Library/Java/JavaVirtualMachines/jdk1.8.0_151.jdk/Contents/Home/jre/lib/ext/sunec.jar:/Library/Java/JavaVirtualMachines/jdk1.8.0_151.jdk/Contents/Home/jre/lib/ext/nashorn.jar:/Library/Java/JavaVirtualMachines/jdk1.8.0_151.jdk/Contents/Home/jre/lib/ext/cldrdata.jar:/Library/Java/JavaVirtualMachines/jdk1.8.0_151.jdk/Contents/Home/jre/lib/ext/jfxrt.jar:/Library/Java/JavaVirtualMachines/jdk1.8.0_151.jdk/Contents/Home/jre/lib/ext/dnsns.jar:/Library/Java/JavaVirtualMachines/jdk1.8.0_151.jdk/Contents/Home/jre/lib/ext/localedata.jar:/Library/Java/JavaVirtualMachines/jdk1.8.0_151.jdk/Contents/Home/jre/lib/ext/sunjce_provider.jar:/Library/Java/JavaVirtualMachines/jdk1.8.0_151.jdk/Contents/Home/jre/lib/ext/sunpkcs11.jar:/Library/Java/JavaVirtualMachines/jdk1.8.0_151.jdk/Contents/Home/jre/lib/ext/jaccess.jar:/Library/Java/JavaVirtualMachines/jdk1.8.0_151.jdk/Contents/Home/jre/lib/ext/zipfs.jar:/System/Library/Java/Extensions/MRJToolkit.jar:/Users/sens_x/Downloads/Project/GitHub/Assignment2/MiniNet/bin:/Users/sens_x/Downloads/Project/GitHub/Assignment2/MiniNet/hsqldb.jar
Launcher Type: SUN_STANDARD

Environment Variables:
PATH=/usr/bin:/bin:/usr/sbin:/sbin
SHELL=/bin/bash

Signal Handlers:
SIGSEGV: [libjvm.dylib+0x5b27a5], sa_mask[0]=11111111011111110111111111111111, sa_flags=SA_ONSTACK|SA_RESTART|SA_SIGINFO
SIGBUS: [libjvm.dylib+0x5b27a5], sa_mask[0]=11111111011111110111111111111111, sa_flags=SA_RESTART|SA_SIGINFO
SIGFPE: [libjvm.dylib+0x4891c4], sa_mask[0]=11111111011111110111111111111111, sa_flags=SA_RESTART|SA_SIGINFO
SIGPIPE: [libjvm.dylib+0x4891c4], sa_mask[0]=11111111011111110111111111111111, sa_flags=SA_RESTART|SA_SIGINFO
SIGXFSZ: [libjvm.dylib+0x4891c4], sa_mask[0]=11111111011111110111111111111111, sa_flags=SA_RESTART|SA_SIGINFO
SIGILL: [libjvm.dylib+0x4891c4], sa_mask[0]=11111111011111110111111111111111, sa_flags=SA_RESTART|SA_SIGINFO
SIGUSR1: SIG_DFL, sa_mask[0]=00000000000000000000000000000000, sa_flags=none
SIGUSR2: [libjvm.dylib+0x488ce2], sa_mask[0]=00100000000000000000000000000000, sa_flags=SA_RESTART|SA_SIGINFO
SIGHUP: [libjvm.dylib+0x4872b9], sa_mask[0]=11111111011111110111111111111111, sa_flags=SA_RESTART|SA_SIGINFO
SIGINT: [libjvm.dylib+0x4872b9], sa_mask[0]=11111111011111110111111111111111, sa_flags=SA_RESTART|SA_SIGINFO
SIGTERM: [libjvm.dylib+0x4872b9], sa_mask[0]=11111111011111110111111111111111, sa_flags=SA_RESTART|SA_SIGINFO
SIGQUIT: [libjvm.dylib+0x4872b9], sa_mask[0]=11111111011111110111111111111111, sa_flags=SA_RESTART|SA_SIGINFO


---------------  S Y S T E M  ---------------

OS:Bsduname:Darwin 17.2.0 Darwin Kernel Version 17.2.0: Fri Sep 29 18:27:05 PDT 2017; root:xnu-4570.20.62~3/RELEASE_X86_64 x86_64
rlimit: STACK 8192k, CORE 0k, NPROC 1418, NOFILE 10240, AS infinity
load average:3.47 3.00 2.89

CPU:total 8 (initial active 8) (4 cores per cpu, 2 threads per core) family 6 model 158 stepping 9, cmov, cx8, fxsr, mmx, sse, sse2, sse3, ssse3, sse4.1, sse4.2, popcnt, avx, avx2, aes, clmul, erms, rtm, 3dnowpref, lzcnt, ht, tsc, tscinvbit, bmi1, bmi2, adx

Memory: 4k page, physical 16777216k(165772k free)

/proc/meminfo:


vm_info: Java HotSpot(TM) 64-Bit Server VM (25.151-b12) for bsd-amd64 JRE (1.8.0_151-b12), built on Sep  5 2017 19:37:08 by "java_re" with gcc 4.2.1 (Based on Apple Inc. build 5658) (LLVM build 2336.11.00)

time: Fri May 11 21:18:36 2018
elapsed time: 12 seconds (0d 0h 0m 12s)

